Enter a website url to start.
Entering: http://www.llss.pw
Entering: http://www.llss.pw/wp/
Entering: http://www.llss.pw/wp/tag/zion
Entering: http://www.llss.pw/wp/tag/adv
Entering: http://www.llss.pw/wp/58243.html
Entering: http://www.llss.pw/wp/bbs
Entering: http://www.llss.pw/wp/wp-login.php
Entering: https://www.llss.pw/wp/wp-login.php
Entering: https://www.llss.pw/
Entering: https://www.llss.pw/wp/
Entering: https://www.llss.pw/wp/tag/%e6%97%a0%e7%a0%81
Entering: https://www.llss.pw/wp/tag/%e6%97%a0%e7%a0%81/page/2
Entering: https://www.llss.pw/wp/tag/%e5%8d%95%e8%a1%8c%e6%9c%ac
Entering: https://www.llss.pw/wp/57959.html
Entering: https://www.llss.pw/wp/55712.html
Entering: https://www.llss.pw/wp/bbs
Entering: http://www.llss.pw/wp/bbs/profile/41315
Entering: https://www.llss.pw/wp/bbs/main-forum/%e6%9d%a5%e8%bf%99%e9%87%8c%e5%a5%bd%e4%b9%85%e4%ba%86%e4%b8%80%e7%9b%b4%e9%83%bd%e6%98%af%e9%bb%98%e9%bb%98%e6%8b%bf%e8%b5%84%e6%ba%90%ef%bc%8c%e7%8e%b0%e5%9c%a8%e6%b3%a8%e5%86%8c%e4%ba%86%e4%b8%80
Entering: http://www.llss.pw/wp/bbs/profile/41269
Entering: https://www.llss.pw/wp/bbs/%e6%8f%90%e9%97%ae%e5%8c%ba-%e6%8f%90%e9%97%ae%e5%8c%ba/%e6%b1%82%e6%8e%a8%e8%8d%90%e5%a5%bd%e7%94%a8%e7%9a%84vpn
Entering: http://www.llss.pw/wp/bbs/%e6%8f%90%e9%97%ae%e5%8c%ba-%e6%8f%90%e9%97%ae%e5%8c%ba/%e6%b1%82%e6%8e%a8%e8%8d%90%e5%a5%bd%e7%94%a8%e7%9a%84vpn
Entering: http://www.llss.pw/wp/bbs/profile/41354
Entering: http://www.llss.pw/wp/bbs/main-forum/%e6%97%a7%e7%9a%84%e7%a5%9e%e7%a4%be%e6%88%91%e4%b8%8a%e5%8e%bb%e4%ba%86%ef%bc%81%ef%bc%81%ef%bc%81%ef%bc%81%ef%bc%81
Entering: https://www.llss.pw/wp/bbs/%e6%8f%90%e9%97%ae%e5%8c%ba-%e6%8f%90%e9%97%ae%e5%8c%ba/pad%e9%95%bf%e4%ba%ba%e5%91%a2%ef%bc%9f-2
Entering: https://www.llss.pw/wp/bbs/profile/1
Entering: https://www.llss.pw/wp/bbs/main-forum/%e7%90%89%e7%92%83%e7%a5%9e%e7%a4%be%e7%9b%ae%e5%89%8d%e5%8f%af%e4%bb%a5%e4%bd%bf%e7%94%a8%e7%88%b1%e6%81%8b%e5%81%9a%e7%a7%8d%ef%bc%8c%e6%ac%a2%e8%bf%8e%e5%8a%a0%e5%85%a5
Entering: http://www.llss.pw/wp/bbs/main-forum/%e6%9d%a5%e8%bf%99%e9%87%8c%e5%a5%bd%e4%b9%85%e4%ba%86%e4%b8%80%e7%9b%b4%e9%83%bd%e6%98%af%e9%bb%98%e9%bb%98%e6%8b%bf%e8%b5%84%e6%ba%90%ef%bc%8c%e7%8e%b0%e5%9c%a8%e6%b3%a8%e5%86%8c%e4%ba%86%e4%b8%80
Entering: http://www.llss.pw/wp/bbs/profile/7830
Entering: http://www.llss.pw/wp/bbs/%e6%8f%90%e9%97%ae%e5%8c%ba-%e6%8f%90%e9%97%ae%e5%8c%ba/pad%e9%95%bf%e4%ba%ba%e5%91%a2%ef%bc%9f-2
Entering: http://www.llss.pw/wp/bbs/%e6%8f%90%e9%97%ae%e5%8c%ba-%e6%8f%90%e9%97%ae%e5%8c%ba/%e6%89%be%e4%b8%80%e4%b8%aa%e6%9c%ac%e5%ad%90%ef%bc%8c%e5%a5%b3a%e8%ba%b2%e6%9f%9c%e5%ad%90%e9%87%8c%e5%81%b7%e7%9c%8b%e7%94%b7%e4%b8%bb%e5%92%8c%e5%a5%b3b%e5%81%9a%e7%88%b1%e5%81%9a%e7%9a%84%e4%ba%8b
Entering: http://www.llss.pw/wp/bbs/%e6%8f%90%e9%97%ae%e5%8c%ba
Entering: http://www.llss.pw/wp/bbs/profile/19289
Entering: http://www.llss.pw/wp/book.html
Entering: http://www.llss.pw/wp/57044.html
Entering: http://www.llss.pw/wp/tag/%e9%ac%bc%e7%95%9c
Entering: http://www.llss.pw/wp/50109.html
Entering: http://www.llss.pw/wp/19359.html
Entering: http://www.llss.pw/wp/17303.html
Entering: http://www.llss.pw/wp/23542.html
Entering: http://www.llss.pw/wp/author/%e6%bf%80%e8%90%8c%e3%81%ae%e5%b0%86%e5%86%9b
Entering: http://www.llss.pw/wp/tag/%e8%9f%b2%e6%84%9b%e3%81%9a%e3%82%8b%e5%a7%ab%e5%90%9b
Entering: http://www.llss.pw/wp/54316.html
Entering: http://www.llss.pw/wp/tag/%e5%90%8c%e4%ba%ba%e6%b8%b8%e6%88%8f
Entering: http://www.llss.pw/wp/tag/%e5%be%a1%e5%a7%90
Entering: http://www.llss.pw/
Entering: http://www.llss.pw/wp/tag/%e7%a9%ba%e8%89%b2%e3%81%be%e3%83%bc%e3%81%a1
Entering: http://www.llss.pw/wp/51376.html
Entering: http://www.llss.pw/wp/tag/%e5%85%a8%e5%b9%b4%e9%be%84
Entering: http://www.llss.pw/wp/tag/%e7%90%89%e7%92%83%e7%a5%9e%e7%a4%be%e5%a3%81%e7%ba%b8%e5%8c%85
Entering: http://www.llss.pw/wp/tag/%e5%85%84%e5%a6%b9
Entering: http://www.llss.pw/wp/47357.html
Entering: http://www.llss.pw/wp/tag/%e7%bb%8f%e7%ba%aa%e4%ba%ba
Entering: http://www.llss.pw/wp/57111.html
Entering: http://www.llss.pw/wp/tag/queen-bee
Entering: http://www.llss.pw/wp/tag/persona5
Entering: http://www.llss.pw/wp/33459.html
Entering: http://www.llss.pw/wp/37199.html
Entering: http://www.llss.pw/wp/25776.html
Entering: http://www.llss.pw/wp/tag/%e8%99%ab%e5%ad%90
Entering: http://www.llss.pw/wp/23943.html
Entering: http://www.llss.pw/wp/tag/%e3%83%9b%e3%83%a0%e3%83%b3%e3%82%af%e3%83%ab%e3%82%b9
Entering: http://www.llss.pw/wp/tag/%e6%b8%b8%e6%88%8f
Entering: http://www.llss.pw/wp/tag/p5
Entering: http://www.llss.pw/wp/tag/%e5%87%8c%e8%be%b1
Entering: http://www.llss.pw/wp/tag/%e6%a1%9c%e9%83%bd%e5%ad%97%e5%b9%95%e7%bb%84
Entering: http://www.llss.pw/wp/tag/%e4%bc%aa%e5%a8%98
Entering: http://www.llss.pw/wp/56282.html
Entering: http://www.llss.pw/wp/tag/%e5%88%9d%e9%9f%b3%e6%9c%aa%e6%9d%a5
Entering: http://www.llss.pw/wp/tag/live-is-a-battlefield
Entering: http://www.llss.pw/wp/tag/%e5%8f%af%e7%88%b1%e7%9a%84%e7%94%b7%e5%ad%a9%e5%ad%90
Entering: http://www.llss.pw/wp/rou.html
Entering: http://www.llss.pw/wp/54264.html
Entering: http://www.llss.pw/wp/tag/%e9%87%8d%e5%8f%a3
Entering: http://www.llss.pw/wp/tag/%e9%ad%94%e6%b3%95%e5%b0%91%e5%a5%b3
Entering: http://www.llss.pw/wp/58435.html
Entering: http://www.llss.pw/wp/tag/over-qmr
Entering: http://www.llss.pw/wp/tag/%e6%b4%9b%e7%a5%9e
Entering: http://www.llss.pw/wp/25579.html
Entering: http://www.llss.pw/wp/56854.html
Entering: http://www.llss.pw/wp/game.html
Entering: http://www.llss.pw/wp/author/%e6%bf%80%e8%90%8c%e3%81%ae%e5%b0%86%e5%86%9b/
Entering: http://www.llss.pw/wp/57463.html
Entering: http://www.llss.pw/wp/tag/%e4%b8%9c%e6%96%b9project
Entering: http://www.llss.pw/wp/15293.html
Entering: http://www.llss.pw/wp/57009.html
Entering: http://www.llss.pw/wp/tag/poro
Entering: http://www.llss.pw/wp/tag/%e6%89%8b%e6%b8%b8
Entering: http://www.llss.pw/wp/51254.html
Entering: http://www.llss.pw/wp/58360.html
Entering: http://www.llss.pw/wp/tag/%e8%90%9d%e8%8e%89
Entering: http://www.llss.pw/wp/47151.html
Entering: http://www.llss.pw/wp/19393.html
Entering: http://www.llss.pw/wp/442.html
Entering: http://www.llss.pw/wp/tag/%e6%ad%8c%e5%a7%ac%e8%ae%a1%e5%88%92
Entering: http://www.llss.pw/wp/tag/%e5%b0%91%e5%a5%b3%e6%98%a0%e7%95%ab
Entering: http://www.llss.pw/wp/tag/%e7%91%9e%e6%a0%91%e6%b1%89%e5%8c%96%e7%bb%84
Entering: http://www.llss.pw/wp/tag/%e9%a3%8e%e4%b9%8b%e8%b0%b7
Entering: http://www.llss.pw/wp/56911.html
Entering: http://www.llss.pw/wp/tag/%e5%a4%b1%e8%b8%aa%e4%ba%ba%e5%8f%a3
Entering: http://www.llss.pw/wp/55411.html
Entering: http://www.llss.pw/wp/tag/3d
Entering: http://www.llss.pw/wp/tag/3d
Entering: http://www.llss.pw/wp/tag/3d
Entering: http://www.llss.pw/wp/tag/3d
Entering: http://www.llss.pw/wp/tag/3d
Entering: http://www.llss.pw/wp/tag/3d
Entering: http://www.llss.pw/wp/tag/3d
Entering: http://www.llss.pw/wp/tag/3d
Entering: http://www.llss.pw/wp/tag/cosplay
Entering: http://www.llss.pw/wp/tag/cosplay
Entering: http://www.llss.pw/wp/tag/cosplay
Entering: http://www.llss.pw/wp/tag/cosplay
Entering: http://www.llss.pw/wp/tag/cosplay
Entering: http://www.llss.pw/wp/tag/cosplay
Entering: http://www.llss.pw/wp/tag/cosplay
Entering: http://www.llss.pw/wp/tag/cosplay
Entering: http://www.llss.pw/wp/tag/cosplay
Entering: http://www.llss.pw/wp/tag/cosplay
Entering: http://www.llss.pw/wp/tag/cosplay
Entering: http://www.llss.pw/wp/tag/cosplay
Entering: http://www.llss.pw/wp/53423.html
Entering: http://www.llss.pw/wp/anime.html
Entering: http://www.llss.pw/2018/1
Entering: http://www.llss.pw/wp/55880.html
Entering: http://www.llss.pw/wp/46223.html
Entering: http://www.llss.pw/wp/tag/%e5%8d%95%e8%a1%8c%e6%9c%ac
Entering: http://www.llss.pw/wp/tag/%e8%b0%83%e6%95%99
Entering: http://www.llss.pw/wp/tag/%e9%9f%b3%e4%b9%90
Entering: http://www.llss.pw/wp/tag/%e9%9f%b3%e4%b9%90
Entering: http://www.llss.pw/wp/tag/%e9%9f%b3%e4%b9%90
Entering: http://www.llss.pw/wp/tag/%e9%9f%b3%e4%b9%90
Entering: http://www.llss.pw/wp/tag/%e9%9f%b3%e4%b9%90
Entering: http://www.llss.pw/wp/52250.html
Entering: http://www.llss.pw/wp/52250.html
Entering: http://www.llss.pw/wp/52250.html
Entering: http://www.llss.pw/wp/52250.html
Entering: http://www.llss.pw/wp/52250.html
Entering: http://www.llss.pw/wp/52250.html
Entering: http://www.llss.pw/wp/52250.html
Entering: http://www.llss.pw/wp/52250.html
Entering: http://www.llss.pw/wp/46772.html
Entering: http://www.llss.pw/wp/23646.html
Entering: http://www.llss.pw/wp/tag/ntr
Entering: http://www.llss.pw/wp/tag/c90
Entering: http://www.llss.pw/wp/tag/c90
Entering: http://www.llss.pw/wp/tag/c90
Entering: http://www.llss.pw/wp/tag/%e5%90%8c%e4%ba%ba%e5%bf%97
Entering: http://www.llss.pw/wp/tag/%e6%a0%a1%e5%9b%ad
Entering: http://www.llss.pw/wp/tag/%e8%a1%a5%e7%95%aa
Entering: http://www.llss.pw/wp/tag/%e9%ac%bc%e7%95%9c%e7%8e%8b%e6%b1%89%e5%8c%96%e7%bb%84
Entering: http://www.llss.pw/wp/56576.html
Entering: http://www.llss.pw/gg2/1
Entering: http://www.llss.pw/wp/tag/%e7%a5%9e%e4%bd%9c
Entering: http://www.llss.pw/wp/tag/%e5%90%8e%e5%ae%ab
Entering: http://www.llss.pw/wp/tag/loli
Entering: http://www.llss.pw/wp/tag/%e5%a4%a9%e9%b5%9d%e4%b9%8b%e6%88%80
Entering: http://www.llss.pw/wp/tag/%e5%b0%8f%e5%9c%86
Entering: http://www.llss.pw/wp/tag/%e3%83%a6%e3%83%a1%e3%81%ae%e3%82%aa%e3%83%af%e3%83%aa
Entering: http://www.llss.pw/wp/tag/%e9%bb%98%e7%a4%ba%e8%8c%b6%e7%a4%be
Entering: http://www.llss.pw/wp/23662.html
Entering: http://www.llss.pw/wp/tag/%e3%83%94%e3%83%b3%e3%82%af%e3%83%91%e3%82%a4%e3%83%8a%e3%83%83%e3%83%97%e3%83%ab
Entering: http://www.llss.pw/wp/tag/%e5%ad%a6%e5%9b%ad
Entering: http://www.llss.pw/wp/tag/%e9%ad%94%e6%b3%95%e7%ba%aa%e5%bd%95
Entering: http://www.llss.pw/wp/56560.html
Entering: http://www.llss.pw/wp/tag/%e4%b8%bb%e6%9c%ba
Entering: http://www.llss.pw/wp/tag/%e4%b8%bb%e6%9c%ba
Entering: http://www.llss.pw/wp/tag/%e4%b8%bb%e6%9c%ba
Entering: http://www.llss.pw/wp/tag/%e4%b8%bb%e6%9c%ba
Entering: http://www.llss.pw/wp/tag/%e4%b8%bb%e6%9c%ba
Entering: http://www.llss.pw/wp/tag/%e4%b8%bb%e6%9c%ba
Entering: http://www.llss.pw/wp/tag/%e4%b8%bb%e6%9c%ba
Entering: http://www.llss.pw/wp/tag/%e4%b8%bb%e6%9c%ba
Entering: http://www.llss.pw/wp/tag/%e4%b8%bb%e6%9c%ba
Entering: http://www.llss.pw/wp/tag/%e4%b8%bb%e6%9c%ba
Entering: http://www.llss.pw/wp/tag/%e4%b8%bb%e6%9c%ba
Entering: http://www.llss.pw/wp/tag/%e4%b8%bb%e6%9c%ba
Entering: http://www.llss.pw/wp/tag/%e4%b8%bb%e6%9c%ba
Entering: http://www.llss.pw/wp/tag/%e4%b8%bb%e6%9c%ba
Entering: http://www.llss.pw/wp/tag/%e4%b8%bb%e6%9c%ba
Entering: http://www.llss.pw/wp/tag/%e4%b8%bb%e6%9c%ba
Entering: http://www.llss.pw/wp/tag/%e4%b8%bb%e6%9c%ba
Entering: http://www.llss.pw/wp/tag/%e4%b8%bb%e6%9c%ba
Entering: http://www.llss.pw/wp/tag/%e4%b8%bb%e6%9c%ba
Entering: http://www.llss.pw/wp/tag/%e4%b8%bb%e6%9c%ba
Entering: http://www.llss.pw/wp/tag/%e4%b8%bb%e6%9c%ba
Entering: http://www.llss.pw/wp/tag/%e4%b8%bb%e6%9c%ba
Entering: http://www.llss.pw/wp/tag/%e4%b8%bb%e6%9c%ba
Entering: http://www.llss.pw/wp/tag/%e4%b8%bb%e6%9c%ba
Entering: http://www.llss.pw/wp/tag/%e4%b8%bb%e6%9c%ba
Entering: http://www.llss.pw/wp/about.html
Entering: http://www.llss.pw/wp/tag/%e6%b4%9b%e5%a4%a9%e4%be%9d
Entering: http://www.llss.pw/wp/48494.html
Entering: http://www.llss.pw/wp/tag/%e5%b7%a8%e4%b9%b3
Entering: http://www.llss.pw/wp/tag/%e6%b1%89%e5%8c%96%e5%8d%95%e8%a1%8c%e6%9c%ac
Entering: http://www.llss.pw/wp/tag/%e6%b1%89%e5%8c%96%e7%a1%ac%e7%9b%98%e7%89%88
Entering: http://www.llss.pw/wp/56860.html
Entering: http://www.llss.pw/wp/670.html
Entering: http://www.llss.pw/wp/42837.html
Entering: http://www.llss.pw/wp/tag/%e8%97%a4%e4%b8%b8
Entering: http://www.llss.pw/wp/tag/%e7%90%89%e7%92%83%e7%a5%9e%e7%a4%be%e6%b1%89%e5%8c%96
Entering: http://www.llss.pw/wp/author/%e6%bf%80%e8%90%8c%e3%81%ae%e5%b0%86%e5%86%9b/page/2
Entering: http://www.llss.pw/wp/tag/%e8%88%b0%e5%a8%98
Entering: http://www.llss.pw/wp/tag/%e3%83%a1%e3%83%aa%e3%83%bc%e3%83%bb%e3%82%b8%e3%82%a7%e3%83%bc%e3%83%b3
Entering: http://www.llss.pw/wp/57580.html
Entering: http://www.llss.pw/wp/57580.html
Entering: http://www.llss.pw/wp/24735.html
Entering: http://www.llss.pw/wp/tag/%e4%b9%b1%e4%ba%a4
Entering: http://www.llss.pw/wp/23742.html
Entering: http://www.llss.pw/wp/56536.html
Entering: http://www.llss.pw/wp/tag/mgo
Entering: http://www.llss.pw/wp/tag/%e7%8c%8e%e5%a5%87
Entering: http://www.llss.pw/wp/tag/%e5%85%a8%e5%bd%a9
Entering: http://www.llss.pw/wp/tag/%e6%ad%a3%e5%b8%b8%e5%90%91
Entering: http://www.llss.pw/wp/tag/%e8%af%b4%e9%b8%a1%e4%b8%8d%e8%af%b4%e5%90%a7
Entering: http://www.llss.pw/wp/comic.html
Entering: http://www.llss.pw/wp/20549.html
Entering: http://www.llss.pw/wp/22490.html
Entering: http://www.llss.pw/wp/56059.html
Entering: http://www.llss.pw/wp/tag/%e5%a4%a9%e4%b8%8b%e7%ac%ac%e4%b8%80%e5%90%83%e8%b4%a7%e5%85%ac%e4%b8%bb
Entering: http://www.llss.pw/wp/tag/%e7%ba%af%e7%88%b1
Entering: http://www.llss.pw/wp/tag/%e5%a6%b9%e6%8e%a7
Entering: http://www.llss.pw/wp/23298.html
Entering: http://www.llss.pw/wp/55260.html
Entering: http://www.llss.pw/wp/tag/%e9%bb%91%e9%95%bf%e7%9b%b4
Entering: http://www.llss.pw/wp/tag/%e6%90%9e%e7%ac%91
Entering: http://www.llss.pw/wp/tag/%e7%ab%8b%e8%8a%b1%e3%82%aa%e3%83%9f%e3%83%8a
Entering: http://www.llss.pw/wp/35067.html
Entering: http://www.llss.pw/wp/tag/%e4%bd%9c%e5%93%81%e5%90%88%e9%9b%86
Entering: http://www.llss.pw/wp/17772.html
Entering: http://www.llss.pw/wp/tag/%e7%99%be%e5%90%88
Entering: http://www.llss.pw/wp/tag/%e6%89%b6%e5%a5%b9
Entering: http://www.llss.pw/wp/tag/%e5%90%88%e9%9b%86
Entering: http://www.llss.pw/wp/tag/%e6%b1%89%e5%8c%96
Entering: http://www.llss.pw/wp/age.html
Entering: http://www.llss.pw/wp/tag/%e6%81%8b%e7%88%b1
Entering: http://www.llss.pw/wp/tag/%e6%88%90%e6%b2%a2%e7%a9%ba
Entering: http://www.llss.pw/wp/op.html
Entering: http://www.llss.pw/wp/tag/%e8%a7%a6%e6%89%8b
Entering: http://www.llss.pw/wp/58397.html
Entering: http://www.llss.pw/wp/55547.html
Entering: http://www.llss.pw/wp/tag/%e5%a3%81%e7%ba%b8
Entering: http://www.llss.pw/wp/728.html
Entering: http://www.llss.pw/wp/483.html
Entering: http://www.llss.pw/wp/47898.html
Entering: http://www.llss.pw/wp/tag/%e7%bf%a0%e6%98%9f%e7%9f%b3
Entering: http://www.llss.pw/wp/tag/3d%e5%8a%a8%e7%94%bb
Entering: http://www.llss.pw/wp/53241.html
Entering: http://www.llss.pw/wp/20645.html
Entering: http://www.llss.pw/wp/tag/ios
Entering: http://www.llss.pw/wp/44490.html
Entering: http://www.llss.pw/wp/20185.html
Entering: http://www.llss.pw/wp/author/tianshi
Entering: http://www.llss.pw/wp/50715.html
Entering: http://www.llss.pw/wp/bbs/profile/2427
Entering: http://www.llss.pw/wp/48808.html
Entering: http://www.llss.pw/wp/57151.html
Entering: http://www.llss.pw/wp/52780.html
Entering: http://www.llss.pw/wp/36373.html
Entering: http://www.llss.pw/wp/20645.html/
Entering: http://www.llss.pw/wp/21759.html
Entering: http://www.llss.pw/wp/43356.html
Entering: http://www.llss.pw/wp/20645.html/comment-page-2
Entering: http://www.llss.pw/wp/55928.html
Entering: http://www.llss.pw/wp/tag/%e6%b1%89%e5%8c%96%e7%89%88
Entering: http://www.llss.pw/wp/51916.html
Entering: http://www.llss.pw/wp/20672.html
Entering: http://www.llss.pw/wp/15810.html
Entering: http://www.llss.pw/wp/17275.html
Entering: http://www.llss.pw/wp/20678.html
Entering: http://www.llss.pw/wp/20417.html
Entering: http://www.llss.pw/wp/22036.html
Entering: http://www.llss.pw/wp/54557.html
Entering: http://www.llss.pw/wp/bbs/profile/2
Entering: http://www.llss.pw/wp/25249.html
Entering: http://www.llss.pw/wp/52187.html
Entering: http://www.llss.pw/wp/20202.html
Entering: http://www.llss.pw/wp/57322.html
Entering: http://www.llss.pw/wp/22779.html
Entering: http://www.llss.pw/wp/22036.html/
Entering: http://www.llss.pw/wp/22493.html
Entering: http://www.llss.pw/wp/25875.html
Entering: http://www.llss.pw/wp/22028.html
Entering: http://www.llss.pw/wp/bbs/profile/3098
Entering: http://www.llss.pw/wp/43110.html
Entering: http://www.llss.pw/wp/22033.html
Entering: http://www.llss.pw/wp/tag/fate%ef%bc%8fstay-night
Entering: http://www.llss.pw/wp/author/zy1530
Entering: http://www.llss.pw/wp/tag/ost
Entering: http://www.llss.pw/wp/42419.html
Entering: http://www.llss.pw/wp/21532.html
Entering: http://www.llss.pw/wp/51426.html
Entering: http://www.llss.pw/wp/20735.html
Entering: http://www.llss.pw/wp/bbs/profile/8
Entering: http://www.llss.pw/wp/bbs/profile/7521
Entering: http://www.llss.pw/wp/bbs/profile/32408
Entering: http://www.llss.pw/wp/bbs/profile/8/
Entering: http://www.llss.pw/wp/bbs/subscriptions/8
Entering: http://www.llss.pw/wp/bbs/profile/33911
Entering: http://www.llss.pw/wp/bbs/profile/4512
Entering: http://www.llss.pw/wp/bbs/main-forum/%e7%90%89%e7%92%83%e7%a5%9e%e7%a4%be%e7%9b%ae%e5%89%8d%e5%8f%af%e4%bb%a5%e4%bd%bf%e7%94%a8%e7%88%b1%e6%81%8b%e5%81%9a%e7%a7%8d%ef%bc%8c%e6%ac%a2%e8%bf%8e%e5%8a%a0%e5%85%a5
Entering: https://www.llss.pw/wp/bbs/profile/40683
Entering: http://www.llss.pw/wp/bbs/members
Entering: http://www.llss.pw/wp/bbs/profile/41323
Entering: https://www.llss.pw/wp/bbs/profile/41239
Entering: http://www.llss.pw/wp/bbs/main-forum/%e6%88%91%e8%90%8c%e6%96%b0%e9%97%ae%e4%b8%aa%e9%97%ae%e9%a2%98
Entering: http://www.llss.pw/wp/bbs/activity/8
Entering: http://www.llss.pw/wp/bbs/profile/9528
Entering: http://www.llss.pw/wp/bbs/main-forum/%e6%8e%a8%e8%8d%90%e4%ba%9b%e4%b8%aa%e6%ad%8c%e5%90%a7%ef%bc%8c%e6%8c%ba%e4%b9%85%e6%b2%a1%e6%94%b6%e6%ad%8c%e4%ba%86%e8%80%81%e5%90%ac%e9%82%a3%e5%87%a0%e7%99%be%e9%a6%96%e9%83%bd%e5%bf%ab%e4%bc%9a
Entering: http://www.llss.pw/wp/bbs/profile/41210
Entering: http://www.llss.pw/wp/bbs/%e6%8f%90%e9%97%ae%e5%8c%ba-%e6%8f%90%e9%97%ae%e5%8c%ba/%e8%af%b7%e6%b1%82%e5%b8%ae%e5%bf%99%ef%bc%8c%e9%97%ae%e4%b8%80%e4%b8%aa%e5%85%b3%e4%ba%8e%e5%ad%a6%e6%a0%a1%e5%8d%96yin%e7%9a%84%e6%a8%a1%e6%8b%9f%e7%bb%8f%e8%90%a5%e6%b8%b8%e6%88%8f%ef%bc%81
Entering: http://www.llss.pw/wp/23616.html
Entering: http://www.llss.pw/wp/56310.html
Entering: http://www.llss.pw/wp/20308.html
Entering: http://www.llss.pw/wp/47926.html
Entering: http://www.llss.pw/wp/23616.html/
Entering: http://www.llss.pw/wp/23983.html
Entering: http://www.llss.pw/wp/24740.html
Entering: http://www.llss.pw/wp/17175.html
Entering: http://www.llss.pw/wp/author/2767408299
Entering: http://www.llss.pw/wp/17558.html
Entering: http://www.llss.pw/wp/23616.html/comment-page-3
Entering: http://www.llss.pw/wp/56762.html
Entering: http://www.llss.pw/wp/23609.html
Entering: http://www.llss.pw/wp/20604.html
Entering: http://www.llss.pw/wp/23624.html
Entering: http://www.llss.pw/wp/19503.html
Entering: http://www.llss.pw/wp/bbs/profile/442
Entering: http://www.llss.pw/wp/25944.html
Entering: http://www.llss.pw/wp/23616.html/comment-page-2
Entering: http://www.llss.pw/wp/60652.html
Entering: http://www.llss.pw/wp/24355.html
Entering: http://www.llss.pw/wp/24355.html/comment-page-2
Entering: http://www.llss.pw/wp/56376.html
Entering: http://www.llss.pw/wp/22186.html
Entering: http://www.llss.pw/wp/24230.html
Entering: http://www.llss.pw/wp/52728.html
Entering: http://www.llss.pw/wp/tag/%e5%a6%b9%e5%a6%b9
Entering: http://www.llss.pw/wp/57248.html
Entering: http://www.llss.pw/wp/21487.html
Entering: http://www.llss.pw/cdn-cgi/l/email-protection
Entering: http://www.llss.pw/wp/58327.html
Entering: http://www.llss.pw/wp/24355.html/
Entering: http://www.llss.pw/wp/54182.html
Entering: http://www.llss.pw/wp/author/wakamiki
Entering: http://www.llss.pw/wp/24346.html
Entering: http://www.llss.pw/wp/23689.html
Entering: http://www.llss.pw/wp/43728.html
Entering: http://www.llss.pw/wp/24359.html
Entering: http://www.llss.pw/wp/19178.html
Entering: http://www.llss.pw/wp/50542.html
Entering: http://www.llss.pw/wp/tag/%e5%81%b6%e5%83%8f
Entering: http://www.llss.pw/wp/49551.html
Entering: http://www.llss.pw/wp/tag/%e3%81%94%e6%b3%a8%e6%96%87%e3%81%af%e3%81%86%e3%81%95%e3%81%8e%e3%81%a7%e3%81%99%e3%81%8b
Entering: http://www.llss.pw/wp/49356.html
Entering: http://www.llss.pw/wp/51897.html
Entering: http://www.llss.pw/wp/24749.html
Entering: http://www.llss.pw/wp/bbs/profile/27878
Entering: http://www.llss.pw/wp/44227.html
Entering: http://www.llss.pw/wp/49551.html/comment-page-2
Entering: http://www.llss.pw/wp/53709.html
Entering: http://www.llss.pw/wp/46830.html
Entering: http://www.llss.pw/wp/46617.html
Entering: http://www.llss.pw/wp/49551.html/
Entering: http://www.llss.pw/wp/58897.html
Entering: http://www.llss.pw/wp/tag/%e6%bc%ab%e7%94%bb
Entering: http://www.llss.pw/wp/51149.html
Entering: http://www.llss.pw/wp/bbs/profile/7331
Entering: http://www.llss.pw/wp/49554.html
Entering: http://www.llss.pw/wp/19706.html
Entering: http://www.llss.pw/wp/bbs/profile/29305
Entering: http://www.llss.pw/wp/25229.html
Entering: http://www.llss.pw/wp/tag/%e8%af%b7%e9%97%ae%e6%82%a8%e4%bb%8a%e5%a4%a9%e8%a6%81%e6%9d%a5%e7%82%b9%e5%85%94%e5%ad%90%e5%90%97
Entering: http://www.llss.pw/wp/author/braveteen
Entering: http://www.llss.pw/wp/23009.html
Entering: http://www.llss.pw/wp/bbs/profile/13870
Entering: http://www.llss.pw/wp/23542.html/
Entering: http://www.llss.pw/wp/tag/%e9%97%b2%e7%9d%80%e6%b2%a1%e4%ba%8b%e5%b0%b1%e4%b8%aa%e4%ba%ba%e6%b1%89%e5%8c%96%e7%bb%84
Entering: http://www.llss.pw/wp/51557.html
Entering: http://www.llss.pw/wp/tag/%e7%ac%91%e9%a2%9c
Entering: http://www.llss.pw/wp/23573.html
Entering: http://www.llss.pw/wp/23542.html/comment-page-3
Entering: http://www.llss.pw/wp/25657.html
Entering: http://www.llss.pw/wp/23542.html/comment-page-2
Entering: http://www.llss.pw/wp/23559.html
Entering: http://www.llss.pw/wp/45051.html
Entering: http://www.llss.pw/wp/56624.html
Entering: http://www.llss.pw/wp/45690.html
Entering: http://www.llss.pw/wp/819.html
Entering: http://www.llss.pw/wp/22944.html
Entering: http://www.llss.pw/wp/22993.html
Entering: http://www.llss.pw/wp/20054.html
Entering: http://www.llss.pw/wp/22932.html
Entering: http://www.llss.pw/wp/37822.html
Entering: http://www.llss.pw/wp/tag/bl
Entering: http://www.llss.pw/wp/22944.html/
Entering: http://www.llss.pw/wp/51305.html
Entering: http://www.llss.pw/wp/22944.html/comment-page-2
Entering: http://www.llss.pw/wp/53932.html
Entering: http://www.llss.pw/wp/author/ljb
Entering: http://www.llss.pw/wp/49233.html
Entering: http://www.llss.pw/wp/22530.html
Entering: http://www.llss.pw/wp/15759.html
Entering: http://www.llss.pw/wp/24535.html
Entering: http://www.llss.pw/wp/22394.html
Entering: http://www.llss.pw/wp/tag/%e5%90%8c%e4%ba%ba%e6%9c%ac
Entering: http://www.llss.pw/wp/50036.html
Entering: http://www.llss.pw/wp/819.html/comment-page-6
Entering: http://www.llss.pw/wp/17887.html
Entering: http://www.llss.pw/wp/17887.html
Entering: http://www.llss.pw/wp/17887.html
Entering: http://www.llss.pw/wp/819.html/comment-page-4
Entering: http://www.llss.pw/wp/author/sakuya
Entering: http://www.llss.pw/wp/54284.html
Entering: http://www.llss.pw/wp/819.html/comment-page-5
Entering: http://www.llss.pw/wp/819.html/comment-page-5
Entering: http://www.llss.pw/wp/819.html/comment-page-5
Entering: http://www.llss.pw/wp/819.html/comment-page-5
Entering: http://www.llss.pw/wp/819.html/comment-page-5
Entering: http://www.llss.pw/wp/819.html/comment-page-5
Entering: http://www.llss.pw/wp/819.html/comment-page-5
Entering: http://www.llss.pw/wp/819.html/comment-page-5
Entering: http://www.llss.pw/wp/819.html/comment-page-5
Entering: http://www.llss.pw/wp/819.html/comment-page-5
Entering: http://www.llss.pw/wp/819.html/comment-page-5
Entering: http://www.llss.pw/wp/26023.html
Entering: http://www.llss.pw/wp/25972.html
Entering: http://www.llss.pw/wp/21237.html
Entering: http://www.llss.pw/wp/17922.html
Entering: http://www.llss.pw/wp/47327.html
Entering: http://www.llss.pw/wp/47327.html
Entering: http://www.llss.pw/wp/942.html
Entering: http://www.llss.pw/wp/735.html
Entering: http://www.llss.pw/wp/819.html/comment-page-6/
Entering: http://www.llss.pw/wp/57478.html
Entering: http://www.llss.pw/wp/54140.html
Entering: http://www.llss.pw/wp/tag/%e5%8a%a8%e7%94%bb%e5%90%88%e9%9b%86
Entering: http://www.llss.pw/wp/819.html/comment-page-1
Entering: http://www.llss.pw/wp/819.html/comment-page-3
Entering: http://www.llss.pw/wp/819.html/comment-page-3/
Entering: http://www.llss.pw/wp/50070.html
Entering: http://www.llss.pw/wp/50070.html
Entering: http://www.llss.pw/wp/17524.html
Entering: http://www.llss.pw/wp/16036.html
Entering: http://www.llss.pw/wp/16036.html
Entering: http://www.llss.pw/wp/819.html/comment-page-2
Entering: http://www.llss.pw/wp/42530.html
Entering: http://www.llss.pw/wp/42530.html
Entering: http://www.llss.pw/wp/42530.html
Entering: http://www.llss.pw/wp/42530.html
Entering: http://www.llss.pw/wp/24289.html
Entering: http://www.llss.pw/wp/24289.html
Entering: http://www.llss.pw/wp/24289.html
Entering: http://www.llss.pw/wp/24289.html
Entering: http://www.llss.pw/wp/50067.html
Entering: http://www.llss.pw/wp/17757.html
Entering: http://www.llss.pw/wp/17757.html
Entering: http://www.llss.pw/wp/17757.html
Entering: http://www.llss.pw/wp/56309.html
Entering: http://www.llss.pw/wp/56309.html
Entering: http://www.llss.pw/wp/56309.html
Entering: http://www.llss.pw/wordpress/56309
Entering: http://www.llss.pw/wp/56309.html/
Entering: http://www.llss.pw/wp/23254.html
Entering: http://www.llss.pw/wp/22048.html
Entering: http://www.llss.pw/wp/56166.html
Entering: http://www.llss.pw/wp/40014.html
Entering: http://www.llss.pw/wp/22054.html
Entering: http://www.llss.pw/wp/47747.html
Entering: http://www.llss.pw/wp/tag/%e9%9c%b2%e5%87%ba%e5%b0%91%e5%a5%b3
Entering: http://www.llss.pw/wp/author/hacg1
Entering: http://www.llss.pw/wp/24401.html
Entering: http://www.llss.pw/wp/21459.html
Entering: http://www.llss.pw/wp/21459.html
Entering: http://www.llss.pw/wp/22234.html
Entering: http://www.llss.pw/wp/819.html/
Entering: http://www.llss.pw/wp/25794.html
Entering: http://www.llss.pw/wp/17303.html/comment-page-3
Entering: http://www.llss.pw/wp/25679.html
Entering: http://www.llss.pw/wp/tag/%e9%a2%a8%e8%88%87virtuoso%e8%a3%bd%e4%bd%9c
Entering: http://www.llss.pw/wp/55013.html
Entering: http://www.llss.pw/wp/tag/%e6%b0%b4%e7%9d%80
Entering: http://www.llss.pw/wp/21419.html
Entering: http://www.llss.pw/wp/tag/%e3%82%ba%e3%83%83%e3%82%ad%e3%83%bc%e3%83%8b
Entering: http://www.llss.pw/wp/950.html
Entering: http://www.llss.pw/wp/tag/%e5%8f%a3x
Entering: http://www.llss.pw/wp/21393.html
Entering: http://www.llss.pw/wp/25685.html
Entering: http://www.llss.pw/wp/tag/%e3%82%aa%e3%83%aa%e3%82%b8%e3%83%8a%e3%83%ab
Entering: http://www.llss.pw/wp/55544.html
Entering: http://www.llss.pw/wp/25679.html/
Entering: http://www.llss.pw/wp/47262.html
Entering: http://www.llss.pw/wp/49683.html
Entering: http://www.llss.pw/wp/20524.html
Entering: http://www.llss.pw/wp/26657.html
Entering: http://www.llss.pw/wp/46063.html
Entering: http://www.llss.pw/wp/25679.html/comment-page-2
Entering: http://www.llss.pw/wp/tag/%e4%b9%b3x
Entering: http://www.llss.pw/wp/48969.html
Entering: http://www.llss.pw/wp/21881.html
Entering: http://www.llss.pw/wp/51238.html
Entering: http://www.llss.pw/wp/17554.html
Entering: http://www.llss.pw/wp/tag/%e5%b7%b4%e9%ba%bb%e7%be%8e
Entering: http://www.llss.pw/wp/17554.html/comment-page-3
Entering: http://www.llss.pw/wp/57183.html
Entering: http://www.llss.pw/wp/bbs/profile/2139
Entering: http://www.llss.pw/wp/56373.html
Entering: http://www.llss.pw/wp/tag/%e7%94%9f%e5%8c%96%e5%a5%87%e5%85%b5
Entering: http://www.llss.pw/wp/25105.html
Entering: http://www.llss.pw/wp/17554.html/comment-page-2
Entering: http://www.llss.pw/wp/40389.html
Entering: http://www.llss.pw/wp/23806.html
Entering: http://www.llss.pw/wp/tag/%e5%8f%a4%e5%a2%93%e4%b8%bd%e5%bd%b1
Entering: http://www.llss.pw/wp/25604.html
Entering: http://www.llss.pw/wp/17554.html/
Entering: http://www.llss.pw/wp/49859.html
Entering: http://www.llss.pw/wp/11352.html
Entering: http://www.llss.pw/wp/56620.html
Entering: http://www.llss.pw/wp/56317.html
Entering: http://www.llss.pw/wp/17548.html
Entering: http://www.llss.pw/wp/17554.html/comment-page-5
Entering: http://www.llss.pw/wp/43782.html
Entering: http://www.llss.pw/wp/bbs/profile/35635
Entering: http://www.llss.pw/wp/bbs/profile/7901
Entering: http://www.llss.pw/wp/bbs/profile/33462
Entering: http://www.llss.pw/wp/51992.html
Entering: http://www.llss.pw/wp/18028.html
Entering: http://www.llss.pw/wp/55712.html
Entering: http://www.llss.pw/wp/43782.html/
Entering: http://www.llss.pw/wp/author/moon-demon
Entering: http://www.llss.pw/wp/bbs/profile/11897
Entering: http://www.llss.pw/wp/59379.html
Entering: http://www.llss.pw/wp/42129.html
Entering: http://www.llss.pw/wp/bbs/profile/21746
Entering: http://www.llss.pw/wp/24627.html
Entering: http://www.llss.pw/wp/44052.html
Entering: http://www.llss.pw/wp/bbs/profile/28141
Entering: http://www.llss.pw/wp/19599.html
Entering: http://www.llss.pw/wp/bbs/profile/35863
Entering: http://www.llss.pw/wp/43782.html/comment-page-2
Entering: http://www.llss.pw/wp/22321.html
Entering: http://www.llss.pw/wp/43782.html/comment-page-3
Entering: http://www.llss.pw/wp/17303.html/comment-page-1
Entering: http://www.llss.pw/wp/17314.html
Entering: http://www.llss.pw/wp/17303.html/comment-page-1/
Entering: http://www.llss.pw/wp/45590.html
Entering: http://www.llss.pw/wp/55327.html
Entering: http://www.llss.pw/wp/17303.html/comment-page-4
Entering: http://www.llss.pw/wp/28960.html
Entering: http://www.llss.pw/wp/17469.html
Entering: http://www.llss.pw/wp/17346.html
Entering: http://www.llss.pw/wp/62888.html
Entering: http://www.llss.pw/wp/17303.html/comment-page-2
Entering: http://www.llss.pw/wp/bbs/profile/11
Entering: http://www.llss.pw/wp/56989.html
Entering: http://www.llss.pw/wp/52230.html
Entering: http://www.llss.pw/wp/50331.html
Entering: http://www.llss.pw/wp/bbs/profile/11571
Entering: http://www.llss.pw/wp/tag/%e6%9c%89%e5%a3%b0%e6%bc%ab%e7%94%bb
Entering: http://www.llss.pw/wp/bbs/profile/34828
Entering: http://www.llss.pw/wp/bbs/profile/3833
Entering: http://www.llss.pw/wp/53819.html
Entering: http://www.llss.pw/wp/bbs/profile/5142
Entering: http://www.llss.pw/wp/bbs/profile/12030
Entering: http://www.llss.pw/wp/bbs/profile/8964
Entering: http://www.llss.pw/wp/56989.html/
Entering: http://www.llss.pw/wp/30234.html
Entering: http://www.llss.pw/wp/42926.html
Entering: http://www.llss.pw/wp/52680.html
Entering: http://www.llss.pw/wp/51113.html
Entering: http://www.llss.pw/wp/56989.html/comment-page-2
Entering: http://www.llss.pw/wp/17948.html
Entering: http://www.llss.pw/wp/56967.html
Entering: http://www.llss.pw/wp/46841.html
Entering: https://www.llss.pw/wp/author/2767408299
Entering: http://www.llss.pw/wp/17303.html/comment-page-3/
Entering: http://www.llss.pw/wp/25913.html
Entering: http://www.llss.pw/wp/51337.html
Entering: http://www.llss.pw/wp/51358.html
Entering: http://www.llss.pw/wp/bbs/profile/27
Entering: http://www.llss.pw/wp/19736.html
Entering: http://www.llss.pw/wp/20500.html
Entering: http://www.llss.pw/wp/17303.html/
Entering: http://www.llss.pw/wp/57959.html
Entering: http://www.llss.pw/wp/48347.html
Entering: http://www.llss.pw/wp/55596.html
Entering: http://www.llss.pw/wp/bbs/profile/5944
Entering: http://www.llss.pw/wp/bbs/profile/40939
Entering: http://www.llss.pw/wp/55658.html
Entering: http://www.llss.pw/wp/bbs/profile/4027
Entering: http://www.llss.pw/wp/23890.html
Entering: http://www.llss.pw/wp/53529.html
Entering: http://www.llss.pw/wp/bbs/profile/21604
Entering: http://www.llss.pw/wp/bbs/profile/26674
Entering: http://www.llss.pw/wp/bbs/profile/6865
Entering: http://www.llss.pw/wp/55596.html/
Entering: http://www.llss.pw/wp/55645.html
Entering: http://www.llss.pw/wp/55596.html/comment-page-2
Entering: http://www.llss.pw/wp/23452.html
Entering: http://www.llss.pw/wp/bbs/profile/732
Entering: http://www.llss.pw/wp/tag/%e8%87%89%e8%85%ab%e6%bc%a2%e5%8c%96%e7%b5%84
Entering: http://www.llss.pw/wp/42773.html
Entering: http://www.llss.pw/wp/21910.html
Entering: http://www.llss.pw/wp/author/charliez
Entering: http://www.llss.pw/wp/tag/%e7%84%a1%e9%82%aa%e6%b0%97%e6%bc%a2%e5%8c%96%e7%b5%84
Entering: http://www.llss.pw/wp/38370.html
Entering: http://www.llss.pw/wp/5670.html
Entering: http://www.llss.pw/wp/bbs/profile/684
Entering: http://www.llss.pw/wp/bbs/profile/8531
Entering: http://www.llss.pw/wp/9528.html
Entering: http://www.llss.pw/wp/tag/%e7%84%a1%e6%af%92%e6%bc%a2%e5%8c%96%e7%b5%84
Entering: http://www.llss.pw/wp/bbs/profile/3948
Entering: http://www.llss.pw/wp/bbs/subscriptions/3948
Entering: http://www.llss.pw/wp/bbs/profile/3948/
Entering: http://www.llss.pw/wp/bbs/activity/3948
Entering: http://www.llss.pw/wp/48382.html
Entering: http://www.llss.pw/wp/53417.html
Entering: http://www.llss.pw/wp/48331.html
Entering: http://www.llss.pw/wp/39173.html
Entering: http://www.llss.pw/wp/59659.html
Entering: http://www.llss.pw/wp/25450.html
Entering: http://www.llss.pw/wp/48382.html/
Entering: http://www.llss.pw/wp/57229.html
Entering: http://www.llss.pw/wp/tag/%e7%94%b5%e8%bd%a6
Entering: http://www.llss.pw/wp/42613.html
Entering: http://www.llss.pw/wp/55040.html
Entering: http://www.llss.pw/wp/25147.html
Entering: http://www.llss.pw/wp/bbs/profile/3093
Entering: http://www.llss.pw/wp/48382.html/comment-page-2
Entering: http://www.llss.pw/wp/bbs/profile/38675
Entering: http://www.llss.pw/wp/46961.html
Entering: http://www.llss.pw/wp/25189.html
Entering: http://www.llss.pw/wp/51091.html
Entering: http://www.llss.pw/wp/tag/%e5%a6%88%e5%a6%88
Entering: http://www.llss.pw/wp/44312.html
Entering: http://www.llss.pw/wp/23531.html
Entering: http://www.llss.pw/wp/23521.html
Entering: http://www.llss.pw/wp/56983.html
Entering: http://www.llss.pw/wp/23531.html/comment-page-2
Entering: http://www.llss.pw/wp/23531.html/
Entering: http://www.llss.pw/wp/23531.html/comment-page-3
Entering: http://www.llss.pw/wp/24872.html
Entering: http://www.llss.pw/wp/31102.html
Entering: http://www.llss.pw/wp/20706.html
Entering: http://www.llss.pw/wp/10510.html
Entering: http://www.llss.pw/wp/22138.html
Entering: http://www.llss.pw/wp/author/yumeimei
Entering: http://www.llss.pw/wp/17512.html
Entering: http://www.llss.pw/wp/54385.html
Entering: http://www.llss.pw/wp/author/yumeimei/
Entering: http://www.llss.pw/wp/42525.html
Entering: http://www.llss.pw/wp/48562.html
Entering: http://www.llss.pw/wp/22803.html
Entering: http://www.llss.pw/wp/37362.html
Entering: http://www.llss.pw/wp/42161.html
Entering: http://www.llss.pw/wp/52643.html
Entering: http://www.llss.pw/wp/tag/%e9%ad%94%e7%a9%97%e5%ad%97%e5%b9%95%e7%bb%84
Entering: http://www.llss.pw/wp/51302.html
Entering: http://www.llss.pw/wp/48347.html/comment-page-2
Entering: http://www.llss.pw/wp/24370.html
Entering: http://www.llss.pw/wp/22664.html
Entering: http://www.llss.pw/wp/48347.html/comment-page-2/
Entering: http://www.llss.pw/wp/33757.html
Entering: http://www.llss.pw/wp/17495.html
Entering: http://www.llss.pw/wp/21565.html
Entering: http://www.llss.pw/wp/41336.html
Entering: http://www.llss.pw/wp/52634.html
Entering: http://www.llss.pw/wp/23282.html
Entering: http://www.llss.pw/wp/48347.html/comment-page-1
Entering: http://www.llss.pw/wp/48309.html
Entering: http://www.llss.pw/wp/bbs/profile/13896
Entering: http://www.llss.pw/wp/bbs/profile/13896/
Entering: http://www.llss.pw/wp/bbs/activity/13896
Entering: http://www.llss.pw/wp/bbs/subscriptions/13896
Entering: http://www.llss.pw/wp/23204.html
Entering: http://www.llss.pw/wp/23221.html
Entering: http://www.llss.pw/wp/45888.html
Entering: http://www.llss.pw/wp/23204.html/comment-page-2
Entering: http://www.llss.pw/wp/43222.html
Entering: http://www.llss.pw/wp/bbs/profile/2930
Entering: http://www.llss.pw/wp/23204.html/
Entering: http://www.llss.pw/wp/17990.html
Entering: http://www.llss.pw/wp/tag/%e9%bb%92%e6%be%a4
Entering: http://www.llss.pw/wp/23204.html/comment-page-3
Entering: http://www.llss.pw/wp/59795.html
Entering: http://www.llss.pw/wp/22737.html
Entering: http://www.llss.pw/wp/bbs/profile/676
Entering: http://www.llss.pw/wp/bbs/profile/1773
Entering: http://www.llss.pw/wp/25516.html
Entering: http://www.llss.pw/wp/tag/%e5%88%b6%e6%9c%8d
Entering: http://www.llss.pw/wp/24757.html
Entering: http://www.llss.pw/wp/62246.html
Entering: http://www.llss.pw/wp/23238.html
Entering: http://www.llss.pw/wp/48347.html/
Entering: http://www.llss.pw/wp/22283.html
Entering: http://www.llss.pw/wp/bbs/profile/36623
Entering: http://www.llss.pw/wp/bbs/profile/21054
Entering: http://www.llss.pw/wp/bbs/profile/40389
Entering: http://www.llss.pw/wp/bbs/profile/24678
Entering: http://www.llss.pw/wp/bbs/profile/41216
Entering: http://www.llss.pw/wp/bbs/activity/41216
Entering: http://www.llss.pw/wp/bbs/activity/41216/
Entering: http://www.llss.pw/wp/bbs/main-forum/%e8%ae%ba%e5%9d%9b%e5%bc%80%e6%94%be%e6%b5%8b%e8%af%95%ef%bc%8c%e9%82%80%e8%af%b7%e7%a0%81%e6%b3%a8%e5%86%8c%e3%80%82/paged/4
Entering: http://www.llss.pw/wp/bbs/subscriptions/41216
Entering: http://www.llss.pw/wp/bbs/profile/41216/
Entering: http://www.llss.pw/wp/bbs/profile/30423
Entering: http://www.llss.pw/wp/bbs/subscriptions/30423
Entering: http://www.llss.pw/wp/bbs/subscriptions/30423/
Entering: https://www.llss.pw/wp/bbs/profile/30423
Entering: http://www.llss.pw/wp/bbs/activity/30423
Entering: http://www.llss.pw/wp/bbs/profile/30423/
Entering: http://www.llss.pw/wp/bbs/profile/21685
Entering: http://www.llss.pw/wp/bbs/profile/21685/
Entering: http://www.llss.pw/wp/bbs/activity/21685
Entering: http://www.llss.pw/wp/bbs/subscriptions/21685
Entering: http://www.llss.pw/wp/57959.html/
Entering: http://www.llss.pw/wp/57979.html
Entering: http://www.llss.pw/wp/tag/%e4%b8%9d%e8%a2%9c
Entering: http://www.llss.pw/wp/tag/%e5%a5%b6%e5%ad%90
Entering: http://www.llss.pw/wp/tag/2b%e5%b0%8f%e5%a7%90%e5%a7%90
Entering: http://www.llss.pw/wp/47219.html
Entering: http://www.llss.pw/wp/tag/pharah
Entering: http://www.llss.pw/wp/tag/%e5%85%bd%e4%ba%a4
Entering: http://www.llss.pw/wp/tag/%e7%9c%bc%e4%ba%a4
Entering: http://www.llss.pw/wp/tag/%e5%b0%bc%e5%b0%94
Entering: http://www.llss.pw/wp/bbs/profile/5978
Entering: http://www.llss.pw/wp/tag/ff10
Entering: http://www.llss.pw/wp/57979.html/
Entering: http://www.llss.pw/wp/23715.html
Entering: http://www.llss.pw/wp/tag/ahri
Entering: http://www.llss.pw/wp/tag/%e6%9c%80%e7%bb%88%e5%b9%bb%e6%83%b3
Entering: http://www.llss.pw/wp/author/mymysplus
Entering: http://www.llss.pw/wp/tag/%e8%88%94%e8%84%9a
Entering: http://www.llss.pw/wp/tag/%e6%ad%a3%e5%a4%aa%e6%8e%a7
Entering: http://www.llss.pw/wp/tag/%e5%86%85%e8%a1%a3
Entering: http://www.llss.pw/wp/tag/%e5%8f%a3%e4%ba%a4
Entering: http://www.llss.pw/wp/58012.html
Entering: http://www.llss.pw/wp/tag/%e8%88%94%e8%b6%b3
Entering: http://www.llss.pw/wp/tag/%e8%90%9d%e8%8e%89%e6%8e%a7
Entering: http://www.llss.pw/wp/tag/%e7%8c%ab%e5%a5%b3
Entering: http://www.llss.pw/wp/2257.html
Entering: http://www.llss.pw/wp/bbs/profile/31734
Entering: http://www.llss.pw/wp/tag/rybsfm
Entering: http://www.llss.pw/wp/tag/doa5
Entering: http://www.llss.pw/wp/tag/%e4%ba%ba%e5%85%bd
Entering: http://www.llss.pw/wp/tag/marie-rose
Entering: http://www.llss.pw/wp/28084.html
Entering: http://www.llss.pw/wp/55706.html
Entering: http://www.llss.pw/wp/tag/%e8%84%9a
Entering: http://www.llss.pw/wp/56605.html
Entering: http://www.llss.pw/wp/tag/2b
Entering: http://www.llss.pw/wp/tag/%e5%88%9d%e9%9f%b3
Entering: http://www.llss.pw/wp/tag/kruel-kaiser
Entering: http://www.llss.pw/wp/tag/doa
Entering: http://www.llss.pw/wp/tag/%e6%80%8e%e4%b9%88%e8%bf%99%e4%b9%88%e5%a4%9atag
Entering: http://www.llss.pw/wp/tag/%e6%9d%9f%e7%bc%9a
Entering: http://www.llss.pw/wp/19941.html
Entering: http://www.llss.pw/wp/tag/%e6%80%a7%e5%a5%b4
Entering: http://www.llss.pw/wp/55311.html
Entering: http://www.llss.pw/wp/11281.html
Entering: http://www.llss.pw/wp/42087.html
Entering: http://www.llss.pw/wp/tag/%e6%97%a0%e7%a0%81
Entering: http://www.llss.pw/wp/tag/nyotengu
Entering: http://www.llss.pw/wp/50375.html
Entering: http://www.llss.pw/wp/56938.html
Entering: http://www.llss.pw/wp/17364.html
Entering: http://www.llss.pw/wp/44207.html
Entering: http://www.llss.pw/wp/44211.html
Entering: http://www.llss.pw/wp/50375.html/
Entering: http://www.llss.pw/wp/death/1
Entering: http://www.llss.pw/wp/tag/comic1%e2%98%868
Entering: http://www.llss.pw/wp/50441.html
Entering: http://www.llss.pw/wordpress/50375
Entering: http://www.llss.pw/wp/50307.html
Entering: http://www.llss.pw/wp/25219.html
Entering: http://www.llss.pw/wp/25804.html
Entering: http://www.llss.pw/wp/42701.html
Entering: http://www.llss.pw/wp/46554.html
Entering: http://www.llss.pw/wp/59159.html
Entering: http://www.llss.pw/wp/25219.html/
Entering: http://www.llss.pw/wp/author/chenzhe82807544
Entering: http://www.llss.pw/wp/25169.html
Entering: http://www.llss.pw/wp/tag/%e5%88%80%e5%89%91%e7%a5%9e%e5%9f%9f
Entering: http://www.llss.pw/wp/21926.html
Entering: http://www.llss.pw/wp/tag/%e6%9c%ac%e5%ad%90
Entering: http://www.llss.pw/wp/23735.html
Entering: http://www.llss.pw/wp/52843.html
Entering: http://www.llss.pw/wp/48035.html
Entering: http://www.llss.pw/wp/23735.html/
Entering: http://www.llss.pw/wp/26017.html
Entering: http://www.llss.pw/wp/17952.html
Entering: http://www.llss.pw/wp/23706.html
Entering: http://www.llss.pw/wp/23735.html/comment-page-2
Entering: http://www.llss.pw/wp/57649.html
Entering: http://www.llss.pw/wp/bbs/profile/15831
Entering: http://www.llss.pw/wp/bbs/profile/15831/
Entering: http://www.llss.pw/wp/bbs/profile/13589
Entering: http://www.llss.pw/wp/bbs/subscriptions/15831
Entering: http://www.llss.pw/wp/bbs/activity/15831
Entering: http://www.llss.pw/wp/57664.html
Entering: http://www.llss.pw/wp/22645.html
Entering: http://www.llss.pw/wp/tag/%e9%87%8d%e5%8f%a3%e5%91%b3
Entering: http://www.llss.pw/wp/bbs/profile/24910
Entering: http://www.llss.pw/wp/author/czdxzq
Entering: http://www.llss.pw/wp/49886.html
Entering: http://www.llss.pw/wp/17840.html
Entering: http://www.llss.pw/wp/57914.html
Entering: http://www.llss.pw/wp/17737.html
Entering: http://www.llss.pw/wp/bbs/profile/27070
Entering: http://www.llss.pw/wp/49182.html
Entering: http://www.llss.pw/wp/tag/swf
Entering: http://www.llss.pw/wp/tag/r18
Entering: http://www.llss.pw/wp/57664.html/
Entering: http://www.llss.pw/wp/436.html
Entering: http://www.llss.pw/wp/17290.html
Entering: http://www.llss.pw/wp/56055.html
Entering: http://www.llss.pw/wp/60492.html
Entering: http://www.llss.pw/wp/55425.html
Entering: http://www.llss.pw/wp/tag/%e5%90%8c%e4%ba%ba%e5%8a%a8%e7%94%bb
Entering: http://www.llss.pw/wp/54219.html
Entering: http://www.llss.pw/wp/tag/%e8%b5%84%e6%96%99%e9%9b%86
Entering: http://www.llss.pw/wp/19359.html/bbs.reimu.net
Entering: http://www.llss.pw/wp/19359.html/bbs.reimu.net
Entering: http://www.llss.pw/wp/19359.html/bbs.reimu.net
Entering: http://www.llss.pw/wp/19359.html/bbs.reimu.net
Entering: http://www.llss.pw/wp/19359.html/bbs.reimu.net
Entering: http://www.llss.pw/wp/19359.html/bbs.reimu.net
Entering: http://www.llss.pw/wp/19359.html/bbs.reimu.net
Entering: http://www.llss.pw/wp/19359.html/bbs.reimu.net
Entering: http://www.llss.pw/wp/19359.html/bbs.reimu.net
Entering: http://www.llss.pw/wp/19359.html/bbs.reimu.net
Entering: http://www.llss.pw/wp/19359.html/bbs.reimu.net
Entering: http://www.llss.pw/wp/19359.html/bbs.reimu.net
Entering: http://www.llss.pw/wp/19359.html/bbs.reimu.net
Entering: http://www.llss.pw/wp/19359.html/bbs.reimu.net
Entering: http://www.llss.pw/wp/19359.html/bbs.reimu.net
Entering: http://www.llss.pw/wp/19359.html/bbs.reimu.net
Entering: http://www.llss.pw/wp/19359.html/bbs.reimu.net
Entering: http://www.llss.pw/wp/19359.html/bbs.reimu.net
Entering: http://www.llss.pw/wp/19359.html/bbs.reimu.net
Entering: http://www.llss.pw/wp/19359.html/bbs.reimu.net
Entering: http://www.llss.pw/wp/19359.html/bbs.reimu.net
Entering: http://www.llss.pw/wp/19359.html/bbs.reimu.net
Entering: http://www.llss.pw/wp/19359.html/bbs.reimu.net
Entering: http://www.llss.pw/wp/19359.html/bbs.reimu.net
Entering: http://www.llss.pw/wp/19359.html/bbs.reimu.net
Entering: http://www.llss.pw/wp/19359.html/bbs.reimu.net
Entering: http://www.llss.pw/wp/19359.html/bbs.reimu.net
Entering: http://www.llss.pw/wp/19359.html/bbs.reimu.net
Entering: http://www.llss.pw/wp/19359.html/bbs.reimu.net
Entering: http://www.llss.pw/wp/19359.html/bbs.reimu.net
Entering: http://www.llss.pw/wp/19359.html/bbs.reimu.net
Entering: http://www.llss.pw/wp/19359.html/bbs.reimu.net
Entering: http://www.llss.pw/wp/19359.html/bbs.reimu.net
Entering: http://www.llss.pw/wp/19359.html/bbs.reimu.net
Entering: http://www.llss.pw/wp/19359.html/bbs.reimu.net
Entering: http://www.llss.pw/wp/19359.html/bbs.reimu.net
Entering: http://www.llss.pw/wp/19359.html/bbs.reimu.net
Entering: http://www.llss.pw/wp/19359.html/bbs.reimu.net
Entering: http://www.llss.pw/wp/19359.html/bbs.reimu.net
Entering: http://www.llss.pw/wp/19359.html/bbs.reimu.net
Entering: http://www.llss.pw/wp/19359.html/bbs.reimu.net
Entering: http://www.llss.pw/wp/19359.html/bbs.reimu.net
Entering: http://www.llss.pw/wp/19359.html/bbs.reimu.net
Entering: http://www.llss.pw/wp/19359.html/bbs.reimu.net
Entering: http://www.llss.pw/wp/19359.html/bbs.reimu.net
Entering: http://www.llss.pw/wp/19359.html/bbs.reimu.net
Entering: http://www.llss.pw/wp/19359.html/bbs.reimu.net
Entering: http://www.llss.pw/wp/19359.html/bbs.reimu.net
Entering: http://www.llss.pw/wp/19359.html/bbs.reimu.net
Entering: http://www.llss.pw/wp/19359.html/bbs.reimu.net
Entering: http://www.llss.pw/wp/19359.html/bbs.reimu.net
Entering: http://www.llss.pw/wp/19359.html/bbs.reimu.net
Entering: http://www.llss.pw/wp/19359.html/bbs.reimu.net
Entering: http://www.llss.pw/wp/19359.html/bbs.reimu.net
Entering: http://www.llss.pw/wp/19359.html/bbs.reimu.net
Entering: http://www.llss.pw/wp/19359.html/bbs.reimu.net
Entering: http://www.llss.pw/wp/19359.html/bbs.reimu.net
Entering: http://www.llss.pw/wp/19359.html/bbs.reimu.net
Entering: http://www.llss.pw/wp/19359.html/bbs.reimu.net
Entering: http://www.llss.pw/wp/19359.html/bbs.reimu.net
Entering: http://www.llss.pw/wp/19359.html/bbs.reimu.net
Entering: http://www.llss.pw/wp/19359.html/bbs.reimu.net
Entering: http://www.llss.pw/wp/19359.html/bbs.reimu.net
Entering: http://www.llss.pw/wp/19359.html/bbs.reimu.net
Entering: http://www.llss.pw/wp/19359.html/bbs.reimu.net
Entering: http://www.llss.pw/wp/19359.html/bbs.reimu.net
Entering: http://www.llss.pw/wp/19359.html/bbs.reimu.net
Entering: http://www.llss.pw/wp/19359.html/bbs.reimu.net
Entering: http://www.llss.pw/wp/19359.html/bbs.reimu.net
Entering: http://www.llss.pw/wp/19359.html/bbs.reimu.net
Entering: http://www.llss.pw/wp/19359.html/bbs.reimu.net
Entering: http://www.llss.pw/wp/19359.html/bbs.reimu.net
Entering: http://www.llss.pw/wp/19359.html/bbs.reimu.net
Entering: http://www.llss.pw/wp/19359.html/bbs.reimu.net
Entering: http://www.llss.pw/wp/19359.html/bbs.reimu.net
Entering: http://www.llss.pw/wp/19359.html/bbs.reimu.net
Entering: http://www.llss.pw/wp/19359.html/bbs.reimu.net
Entering: http://www.llss.pw/wp/19359.html/bbs.reimu.net
Entering: http://www.llss.pw/wp/19359.html/bbs.reimu.net
Entering: http://www.llss.pw/wp/19359.html/bbs.reimu.net
Entering: http://www.llss.pw/wp/19359.html/bbs.reimu.net
Entering: http://www.llss.pw/wp/19359.html/bbs.reimu.net
Entering: http://www.llss.pw/wp/19359.html/bbs.reimu.net
Entering: http://www.llss.pw/wp/19359.html/bbs.reimu.net
Entering: http://www.llss.pw/wp/19359.html/bbs.reimu.net
Entering: http://www.llss.pw/wp/19359.html/bbs.reimu.net
Entering: http://www.llss.pw/wp/19359.html/bbs.reimu.net
Entering: http://www.llss.pw/wp/19359.html/bbs.reimu.net
Entering: http://www.llss.pw/wp/19359.html/bbs.reimu.net
Entering: http://www.llss.pw/wp/19359.html/bbs.reimu.net
Entering: http://www.llss.pw/wp/19359.html/bbs.reimu.net
Entering: http://www.llss.pw/wp/19359.html/bbs.reimu.net
Entering: http://www.llss.pw/wp/19359.html/bbs.reimu.net
Entering: http://www.llss.pw/wp/19359.html/bbs.reimu.net
Entering: http://www.llss.pw/wp/19359.html/bbs.reimu.net
Entering: http://www.llss.pw/wp/19359.html/bbs.reimu.net
Entering: http://www.llss.pw/wp/19359.html/bbs.reimu.net
Entering: http://www.llss.pw/wp/19359.html/bbs.reimu.net
Entering: http://www.llss.pw/wp/19359.html/bbs.reimu.net
Entering: http://www.llss.pw/wp/19359.html/bbs.reimu.net
Entering: http://www.llss.pw/wp/19359.html/bbs.reimu.net
Entering: http://www.llss.pw/wp/19359.html/bbs.reimu.net
Entering: http://www.llss.pw/wp/19359.html/bbs.reimu.net
Entering: http://www.llss.pw/wp/19359.html/bbs.reimu.net
Entering: http://www.llss.pw/wp/19359.html/bbs.reimu.net
Entering: http://www.llss.pw/wp/19359.html/bbs.reimu.net
Entering: http://www.llss.pw/wp/19359.html/bbs.reimu.net
Entering: http://www.llss.pw/wp/19359.html/bbs.reimu.net
Entering: http://www.llss.pw/wp/19359.html/bbs.reimu.net
Entering: http://www.llss.pw/wp/19359.html/bbs.reimu.net
Entering: http://www.llss.pw/wp/19359.html/bbs.reimu.net
Entering: http://www.llss.pw/wp/19359.html/bbs.reimu.net
Entering: http://www.llss.pw/wp/19359.html/bbs.reimu.net
Entering: http://www.llss.pw/wp/19359.html/bbs.reimu.net
Entering: http://www.llss.pw/wp/19359.html/bbs.reimu.net
Entering: http://www.llss.pw/wp/19359.html/bbs.reimu.net
Entering: http://www.llss.pw/wp/19359.html/bbs.reimu.net
Entering: http://www.llss.pw/wp/19359.html/bbs.reimu.net
Entering: http://www.llss.pw/wp/19359.html/bbs.reimu.net
Entering: http://www.llss.pw/wp/19359.html/bbs.reimu.net
Entering: http://www.llss.pw/wp/19359.html/bbs.reimu.net
Entering: http://www.llss.pw/wp/19359.html/bbs.reimu.net
Entering: http://www.llss.pw/wp/19359.html/bbs.reimu.net
Entering: http://www.llss.pw/wp/19359.html/bbs.reimu.net
Entering: http://www.llss.pw/wp/19359.html/bbs.reimu.net
Entering: http://www.llss.pw/wp/19359.html/bbs.reimu.net
Entering: http://www.llss.pw/wp/19359.html/bbs.reimu.net
Entering: http://www.llss.pw/wp/19359.html/bbs.reimu.net
Entering: http://www.llss.pw/wp/19359.html/bbs.reimu.net
Entering: http://www.llss.pw/wp/19359.html/bbs.reimu.net
Entering: http://www.llss.pw/wp/19359.html/bbs.reimu.net
Entering: http://www.llss.pw/wp/19359.html/bbs.reimu.net
Entering: http://www.llss.pw/wp/19359.html/bbs.reimu.net
Entering: http://www.llss.pw/wp/19359.html/bbs.reimu.net
Entering: http://www.llss.pw/wp/19359.html/bbs.reimu.net
Entering: http://www.llss.pw/wp/19359.html/bbs.reimu.net
Entering: http://www.llss.pw/wp/19359.html/bbs.reimu.net
Entering: http://www.llss.pw/wp/19359.html/bbs.reimu.net
Entering: http://www.llss.pw/wp/19359.html/bbs.reimu.net
Entering: http://www.llss.pw/wp/19359.html/bbs.reimu.net
Entering: http://www.llss.pw/wp/19359.html/bbs.reimu.net
Entering: http://www.llss.pw/wp/19359.html/bbs.reimu.net
Entering: http://www.llss.pw/wp/19359.html/bbs.reimu.net
Entering: http://www.llss.pw/wp/19359.html/bbs.reimu.net
Entering: http://www.llss.pw/wp/19359.html/bbs.reimu.net
Entering: http://www.llss.pw/wp/19359.html/bbs.reimu.net
Entering: http://www.llss.pw/wp/19359.html/bbs.reimu.net
Entering: http://www.llss.pw/wp/19359.html/bbs.reimu.net
Entering: http://www.llss.pw/wp/19359.html/bbs.reimu.net
Entering: http://www.llss.pw/wp/19359.html/bbs.reimu.net
Entering: http://www.llss.pw/wp/19359.html/bbs.reimu.net
Entering: http://www.llss.pw/wp/19359.html/bbs.reimu.net
Entering: http://www.llss.pw/wp/19359.html/bbs.reimu.net
Entering: http://www.llss.pw/wp/19359.html/bbs.reimu.net
Entering: http://www.llss.pw/wp/19359.html/bbs.reimu.net
Entering: http://www.llss.pw/wp/19359.html/bbs.reimu.net
Entering: http://www.llss.pw/wp/19359.html/bbs.reimu.net
Entering: http://www.llss.pw/wp/19359.html/bbs.reimu.net
Entering: http://www.llss.pw/wp/19359.html/bbs.reimu.net
Entering: http://www.llss.pw/wp/19359.html/bbs.reimu.net
Entering: http://www.llss.pw/wp/19359.html/bbs.reimu.net
Entering: http://www.llss.pw/wp/19359.html/bbs.reimu.net
Entering: http://www.llss.pw/wp/19359.html/bbs.reimu.net
Entering: http://www.llss.pw/wp/19359.html/bbs.reimu.net
Entering: http://www.llss.pw/wp/19359.html/bbs.reimu.net
Entering: http://www.llss.pw/wp/19359.html/bbs.reimu.net
Entering: http://www.llss.pw/wp/19359.html/bbs.reimu.net
Entering: http://www.llss.pw/wp/19359.html/bbs.reimu.net
Entering: http://www.llss.pw/wp/19359.html/bbs.reimu.net
Entering: http://www.llss.pw/wp/19359.html/bbs.reimu.net
Entering: http://www.llss.pw/wp/19359.html/bbs.reimu.net
Entering: http://www.llss.pw/wp/19359.html/bbs.reimu.net
Entering: http://www.llss.pw/wp/19359.html/bbs.reimu.net
Entering: http://www.llss.pw/wp/19359.html/bbs.reimu.net
Entering: http://www.llss.pw/wp/19359.html/bbs.reimu.net
Entering: http://www.llss.pw/wp/19359.html/bbs.reimu.net
Entering: http://www.llss.pw/wp/19359.html/bbs.reimu.net
Entering: http://www.llss.pw/wp/19359.html/bbs.reimu.net
Entering: http://www.llss.pw/wp/19359.html/bbs.reimu.net
Entering: http://www.llss.pw/wp/19359.html/bbs.reimu.net
Entering: http://www.llss.pw/wp/19359.html/bbs.reimu.net
Entering: http://www.llss.pw/wp/19359.html/bbs.reimu.net
Entering: http://www.llss.pw/wp/19359.html/bbs.reimu.net
Entering: http://www.llss.pw/wp/19359.html/bbs.reimu.net
Entering: http://www.llss.pw/wp/19359.html/bbs.reimu.net
Entering: http://www.llss.pw/wp/19359.html/bbs.reimu.net
Entering: http://www.llss.pw/wp/19359.html/bbs.reimu.net
Entering: http://www.llss.pw/wp/19359.html/bbs.reimu.net
Entering: http://www.llss.pw/wp/19359.html/bbs.reimu.net
Entering: http://www.llss.pw/wp/19359.html/bbs.reimu.net
Entering: http://www.llss.pw/wp/19359.html/bbs.reimu.net
Entering: http://www.llss.pw/wp/19359.html/bbs.reimu.net
Entering: http://www.llss.pw/wp/19359.html/bbs.reimu.net
Entering: http://www.llss.pw/wp/19359.html/bbs.reimu.net
Entering: http://www.llss.pw/wp/19359.html/bbs.reimu.net
Entering: http://www.llss.pw/wp/19359.html/bbs.reimu.net
Entering: http://www.llss.pw/wp/19359.html/bbs.reimu.net
Entering: http://www.llss.pw/wp/19359.html/bbs.reimu.net
Entering: http://www.llss.pw/wp/19359.html/bbs.reimu.net
Entering: http://www.llss.pw/wp/19359.html/bbs.reimu.net
Entering: http://www.llss.pw/wp/19359.html/bbs.reimu.net
Entering: http://www.llss.pw/wp/19359.html/bbs.reimu.net
Entering: http://www.llss.pw/wp/19359.html/bbs.reimu.net
Entering: http://www.llss.pw/wp/19359.html/bbs.reimu.net
Entering: http://www.llss.pw/wp/19359.html/bbs.reimu.net
Entering: http://www.llss.pw/wp/19359.html/bbs.reimu.net
Entering: http://www.llss.pw/wp/19359.html/bbs.reimu.net
Entering: http://www.llss.pw/wp/19359.html/bbs.reimu.net
Entering: http://www.llss.pw/wp/19359.html/bbs.reimu.net
Entering: http://www.llss.pw/wp/19359.html/bbs.reimu.net
Entering: http://www.llss.pw/wp/19359.html/bbs.reimu.net
Entering: http://www.llss.pw/wp/19359.html/bbs.reimu.net
Entering: http://www.llss.pw/wp/19359.html/bbs.reimu.net
Entering: http://www.llss.pw/wp/19359.html/bbs.reimu.net
Entering: http://www.llss.pw/wp/19359.html/bbs.reimu.net
Entering: http://www.llss.pw/wp/19359.html/bbs.reimu.net
Entering: http://www.llss.pw/wp/19359.html/bbs.reimu.net
Entering: http://www.llss.pw/wp/19359.html/bbs.reimu.net
Entering: http://www.llss.pw/wp/19359.html/bbs.reimu.net
Entering: http://www.llss.pw/wp/19359.html/bbs.reimu.net
Entering: http://www.llss.pw/wp/19359.html/bbs.reimu.net
Entering: http://www.llss.pw/wp/19359.html/bbs.reimu.net
Entering: http://www.llss.pw/wp/19359.html/bbs.reimu.net
Entering: http://www.llss.pw/wp/19359.html/bbs.reimu.net
Entering: http://www.llss.pw/wp/19359.html/bbs.reimu.net
Entering: http://www.llss.pw/wp/19359.html/bbs.reimu.net
Entering: http://www.llss.pw/wp/19359.html/bbs.reimu.net
Entering: http://www.llss.pw/wp/19359.html/bbs.reimu.net
Entering: http://www.llss.pw/wp/19359.html/bbs.reimu.net
Entering: http://www.llss.pw/wp/19359.html/bbs.reimu.net
Entering: http://www.llss.pw/wp/19359.html/bbs.reimu.net
Entering: http://www.llss.pw/wp/19359.html/bbs.reimu.net
Entering: http://www.llss.pw/wp/19359.html/bbs.reimu.net
Entering: http://www.llss.pw/wp/19359.html/bbs.reimu.net
Entering: http://www.llss.pw/wp/19359.html/bbs.reimu.net
Entering: http://www.llss.pw/wp/19359.html/bbs.reimu.net
Entering: http://www.llss.pw/wp/19359.html/bbs.reimu.net
Entering: http://www.llss.pw/wp/19359.html/bbs.reimu.net
Entering: http://www.llss.pw/wp/19359.html/bbs.reimu.net
Entering: http://www.llss.pw/wp/19359.html/bbs.reimu.net
Entering: http://www.llss.pw/wp/19359.html/bbs.reimu.net
Entering: http://www.llss.pw/wp/19359.html/bbs.reimu.net
Entering: http://www.llss.pw/wp/19359.html/bbs.reimu.net
Entering: http://www.llss.pw/wp/19359.html/bbs.reimu.net
Entering: http://www.llss.pw/wp/19359.html/bbs.reimu.net
Entering: http://www.llss.pw/wp/19359.html/bbs.reimu.net
Entering: http://www.llss.pw/wp/19359.html/bbs.reimu.net
Entering: http://www.llss.pw/wp/19359.html/bbs.reimu.net
Entering: http://www.llss.pw/wp/19359.html/bbs.reimu.net
Entering: http://www.llss.pw/wp/19359.html/bbs.reimu.net
Entering: http://www.llss.pw/wp/19359.html/bbs.reimu.net
Entering: http://www.llss.pw/wp/19359.html/bbs.reimu.net
Entering: http://www.llss.pw/wp/19359.html/bbs.reimu.net
Entering: http://www.llss.pw/wp/19359.html/bbs.reimu.net
Entering: http://www.llss.pw/wp/19359.html/bbs.reimu.net
Entering: http://www.llss.pw/wp/19359.html/bbs.reimu.net
Entering: http://www.llss.pw/wp/19359.html/bbs.reimu.net
Entering: http://www.llss.pw/wp/19359.html/bbs.reimu.net
Entering: http://www.llss.pw/wp/19359.html/bbs.reimu.net
Entering: http://www.llss.pw/wp/19359.html/bbs.reimu.net
Entering: http://www.llss.pw/wp/19359.html/bbs.reimu.net
Entering: http://www.llss.pw/wp/19359.html/bbs.reimu.net
Entering: http://www.llss.pw/wp/19359.html/bbs.reimu.net
Entering: http://www.llss.pw/wp/19359.html/bbs.reimu.net
Entering: http://www.llss.pw/wp/19359.html/bbs.reimu.net
Entering: http://www.llss.pw/wp/19359.html/bbs.reimu.net
Entering: http://www.llss.pw/wp/19359.html/bbs.reimu.net
Entering: http://www.llss.pw/wp/19359.html/bbs.reimu.net
Entering: http://www.llss.pw/wp/19359.html/bbs.reimu.net
Entering: http://www.llss.pw/wp/19359.html/bbs.reimu.net
Entering: http://www.llss.pw/wp/19359.html/bbs.reimu.net
Entering: http://www.llss.pw/wp/19359.html/bbs.reimu.net
Entering: http://www.llss.pw/wp/19359.html/bbs.reimu.net
Entering: http://www.llss.pw/wp/19359.html/bbs.reimu.net
Entering: http://www.llss.pw/wp/19359.html/bbs.reimu.net
Entering: http://www.llss.pw/wp/19359.html/bbs.reimu.net
Entering: http://www.llss.pw/wp/19359.html/bbs.reimu.net
Entering: http://www.llss.pw/wp/19359.html/bbs.reimu.net
Entering: http://www.llss.pw/wp/19359.html/bbs.reimu.net
Entering: http://www.llss.pw/wp/19359.html/bbs.reimu.net
Entering: http://www.llss.pw/wp/19359.html/bbs.reimu.net
Entering: http://www.llss.pw/wp/19359.html/bbs.reimu.net
Entering: http://www.llss.pw/wp/19359.html/bbs.reimu.net
Entering: http://www.llss.pw/wp/19359.html/bbs.reimu.net
Entering: http://www.llss.pw/wp/19359.html/bbs.reimu.net
Entering: http://www.llss.pw/wp/19359.html/bbs.reimu.net
Entering: http://www.llss.pw/wp/19359.html/bbs.reimu.net
Entering: http://www.llss.pw/wp/19359.html/bbs.reimu.net
Entering: http://www.llss.pw/wp/19359.html/bbs.reimu.net
Entering: http://www.llss.pw/wp/19359.html/bbs.reimu.net
Entering: http://www.llss.pw/wp/19359.html/bbs.reimu.net
Entering: http://www.llss.pw/wp/19359.html/bbs.reimu.net
Entering: http://www.llss.pw/wp/19359.html/bbs.reimu.net
Entering: http://www.llss.pw/wp/19359.html/bbs.reimu.net
Entering: http://www.llss.pw/wp/19359.html/bbs.reimu.net
Entering: http://www.llss.pw/wp/19359.html/bbs.reimu.net
Entering: http://www.llss.pw/wp/19359.html/bbs.reimu.net
Entering: http://www.llss.pw/wp/19359.html/bbs.reimu.net
Entering: http://www.llss.pw/wp/19359.html/bbs.reimu.net
Entering: http://www.llss.pw/wp/19359.html/bbs.reimu.net
Entering: http://www.llss.pw/wp/19359.html/bbs.reimu.net
Entering: http://www.llss.pw/wp/19359.html/bbs.reimu.net
Entering: http://www.llss.pw/wp/19359.html/bbs.reimu.net
Entering: http://www.llss.pw/wp/19359.html/bbs.reimu.net
Entering: http://www.llss.pw/wp/19359.html/bbs.reimu.net
Entering: http://www.llss.pw/wp/19359.html/bbs.reimu.net
Entering: http://www.llss.pw/wp/19359.html/bbs.reimu.net
Entering: http://www.llss.pw/wp/19359.html/bbs.reimu.net
Entering: http://www.llss.pw/wp/19359.html/bbs.reimu.net
Entering: http://www.llss.pw/wp/19359.html/bbs.reimu.net
Entering: http://www.llss.pw/wp/19359.html/bbs.reimu.net
Entering: http://www.llss.pw/wp/19359.html/bbs.reimu.net
Entering: http://www.llss.pw/wp/19359.html/bbs.reimu.net
Entering: http://www.llss.pw/wp/19359.html/bbs.reimu.net
Entering: http://www.llss.pw/wp/19359.html/bbs.reimu.net
Entering: http://www.llss.pw/wp/19359.html/bbs.reimu.net
Entering: http://www.llss.pw/wp/19359.html/bbs.reimu.net
Entering: http://www.llss.pw/wp/19359.html/bbs.reimu.net
Entering: http://www.llss.pw/wp/19359.html/bbs.reimu.net
Entering: http://www.llss.pw/wp/19359.html/bbs.reimu.net
Entering: http://www.llss.pw/wp/19359.html/bbs.reimu.net
Entering: http://www.llss.pw/wp/19359.html/bbs.reimu.net
Entering: http://www.llss.pw/wp/19359.html/bbs.reimu.net
Entering: http://www.llss.pw/wp/19359.html/bbs.reimu.net
Entering: http://www.llss.pw/wp/19359.html/bbs.reimu.net
Entering: http://www.llss.pw/wp/19359.html/bbs.reimu.net
Entering: http://www.llss.pw/wp/19359.html/bbs.reimu.net
Entering: http://www.llss.pw/wp/19359.html/bbs.reimu.net
Entering: http://www.llss.pw/wp/19359.html/bbs.reimu.net
Entering: http://www.llss.pw/wp/19359.html/bbs.reimu.net
Entering: http://www.llss.pw/wp/19359.html/bbs.reimu.net
Entering: http://www.llss.pw/wp/19359.html/bbs.reimu.net
Entering: http://www.llss.pw/wp/19359.html/bbs.reimu.net
Entering: http://www.llss.pw/wp/19359.html/bbs.reimu.net
Entering: http://www.llss.pw/wp/19359.html/bbs.reimu.net
Entering: http://www.llss.pw/wp/19359.html/bbs.reimu.net
Entering: http://www.llss.pw/wp/19359.html/bbs.reimu.net
Entering: http://www.llss.pw/wp/19359.html/bbs.reimu.net
Entering: http://www.llss.pw/wp/19359.html/bbs.reimu.net
Entering: http://www.llss.pw/wp/19359.html/bbs.reimu.net
Entering: http://www.llss.pw/wp/19359.html/bbs.reimu.net
Entering: http://www.llss.pw/wp/19359.html/bbs.reimu.net
Entering: http://www.llss.pw/wp/19359.html/bbs.reimu.net
Entering: http://www.llss.pw/wp/19359.html/bbs.reimu.net
Entering: http://www.llss.pw/wp/19359.html/bbs.reimu.net
Entering: http://www.llss.pw/wp/19359.html/bbs.reimu.net
Entering: http://www.llss.pw/wp/19359.html/bbs.reimu.net
Entering: http://www.llss.pw/wp/19359.html/bbs.reimu.net
Entering: http://www.llss.pw/wp/19359.html/bbs.reimu.net
Entering: http://www.llss.pw/wp/19359.html/bbs.reimu.net
Entering: http://www.llss.pw/wp/19359.html/bbs.reimu.net
Entering: http://www.llss.pw/wp/19359.html/bbs.reimu.net
Entering: http://www.llss.pw/wp/19359.html/bbs.reimu.net
Entering: http://www.llss.pw/wp/19359.html/bbs.reimu.net
Entering: http://www.llss.pw/wp/19359.html/bbs.reimu.net
Entering: http://www.llss.pw/wp/19359.html/bbs.reimu.net
Entering: http://www.llss.pw/wp/19359.html/bbs.reimu.net
Entering: http://www.llss.pw/wp/19359.html/bbs.reimu.net
Entering: http://www.llss.pw/wp/19359.html/bbs.reimu.net
Entering: http://www.llss.pw/wp/19359.html/bbs.reimu.net
Entering: http://www.llss.pw/wp/19359.html/bbs.reimu.net
Entering: http://www.llss.pw/wp/19359.html/bbs.reimu.net
Entering: http://www.llss.pw/wp/19359.html/bbs.reimu.net
Entering: http://www.llss.pw/wp/19359.html/bbs.reimu.net
Entering: http://www.llss.pw/wp/19359.html/bbs.reimu.net
Entering: http://www.llss.pw/wp/19359.html/bbs.reimu.net
Entering: http://www.llss.pw/wp/19359.html/bbs.reimu.net
Entering: http://www.llss.pw/wp/19359.html/bbs.reimu.net
Entering: http://www.llss.pw/wp/19359.html/bbs.reimu.net
Entering: http://www.llss.pw/wp/19359.html/bbs.reimu.net
Entering: http://www.llss.pw/wp/19359.html/bbs.reimu.net
Entering: http://www.llss.pw/wp/19359.html/bbs.reimu.net
Entering: http://www.llss.pw/wp/19359.html/bbs.reimu.net
Entering: http://www.llss.pw/wp/19359.html/bbs.reimu.net
Entering: http://www.llss.pw/wp/19359.html/bbs.reimu.net
Entering: http://www.llss.pw/wp/19359.html/bbs.reimu.net
Entering: http://www.llss.pw/wp/19359.html/bbs.reimu.net
Entering: http://www.llss.pw/wp/19359.html/bbs.reimu.net
Entering: http://www.llss.pw/wp/19359.html/bbs.reimu.net
Entering: http://www.llss.pw/wp/19359.html/bbs.reimu.net
Entering: http://www.llss.pw/wp/19359.html/bbs.reimu.net
Entering: http://www.llss.pw/wp/19359.html/bbs.reimu.net
Entering: http://www.llss.pw/wp/19359.html/bbs.reimu.net
Entering: http://www.llss.pw/wp/19359.html/bbs.reimu.net
Entering: http://www.llss.pw/wp/19359.html/bbs.reimu.net
Entering: http://www.llss.pw/wp/19359.html/bbs.reimu.net
Entering: http://www.llss.pw/wp/19359.html/bbs.reimu.net
Entering: http://www.llss.pw/wp/19359.html/bbs.reimu.net
Entering: http://www.llss.pw/wp/19359.html/bbs.reimu.net
Entering: http://www.llss.pw/wp/19359.html/bbs.reimu.net
Entering: http://www.llss.pw/wp/19359.html/bbs.reimu.net
Entering: http://www.llss.pw/wp/19359.html/bbs.reimu.net
Entering: http://www.llss.pw/wp/19359.html/bbs.reimu.net
Entering: http://www.llss.pw/wp/19359.html/bbs.reimu.net
Entering: http://www.llss.pw/wp/19359.html/bbs.reimu.net
Entering: http://www.llss.pw/wp/19359.html/bbs.reimu.net
Entering: http://www.llss.pw/wp/19359.html/bbs.reimu.net
Entering: http://www.llss.pw/wp/19359.html/bbs.reimu.net
Entering: http://www.llss.pw/wp/19359.html/bbs.reimu.net
Entering: http://www.llss.pw/wp/19359.html/bbs.reimu.net
Entering: http://www.llss.pw/wp/19359.html/bbs.reimu.net
Entering: http://www.llss.pw/wp/19359.html/bbs.reimu.net
Entering: http://www.llss.pw/wp/19359.html/bbs.reimu.net
Entering: http://www.llss.pw/wp/19359.html/bbs.reimu.net
Entering: http://www.llss.pw/wp/19359.html/bbs.reimu.net
Entering: http://www.llss.pw/wp/19359.html/bbs.reimu.net
Entering: http://www.llss.pw/wp/19359.html/bbs.reimu.net
Entering: http://www.llss.pw/wp/19359.html/bbs.reimu.net
Entering: http://www.llss.pw/wp/19359.html/bbs.reimu.net
Entering: http://www.llss.pw/wp/19359.html/bbs.reimu.net
Entering: http://www.llss.pw/wp/19359.html/bbs.reimu.net
Entering: http://www.llss.pw/wp/19359.html/bbs.reimu.net
Entering: http://www.llss.pw/wp/19359.html/bbs.reimu.net
Entering: http://www.llss.pw/wp/19359.html/bbs.reimu.net
Entering: http://www.llss.pw/wp/19359.html/bbs.reimu.net
Entering: http://www.llss.pw/wp/19359.html/bbs.reimu.net
Entering: http://www.llss.pw/wp/19359.html/bbs.reimu.net
Entering: http://www.llss.pw/wp/19359.html/bbs.reimu.net
Entering: http://www.llss.pw/wp/19359.html/bbs.reimu.net
Entering: http://www.llss.pw/wp/19359.html/bbs.reimu.net
Entering: http://www.llss.pw/wp/19359.html/bbs.reimu.net
Entering: http://www.llss.pw/wp/19359.html/bbs.reimu.net
Entering: http://www.llss.pw/wp/19359.html/bbs.reimu.net
Entering: http://www.llss.pw/wp/19359.html/bbs.reimu.net
Entering: http://www.llss.pw/wp/19359.html/bbs.reimu.net
Entering: http://www.llss.pw/wp/19359.html/bbs.reimu.net
Entering: http://www.llss.pw/wp/19359.html/bbs.reimu.net
Entering: http://www.llss.pw/wp/19359.html/bbs.reimu.net
Entering: http://www.llss.pw/wp/19359.html/bbs.reimu.net
Entering: http://www.llss.pw/wp/19359.html/bbs.reimu.net
Entering: http://www.llss.pw/wp/19359.html/bbs.reimu.net
Entering: http://www.llss.pw/wp/19359.html/bbs.reimu.net
Entering: http://www.llss.pw/wp/19359.html/bbs.reimu.net
Entering: http://www.llss.pw/wp/19359.html/bbs.reimu.net
Entering: http://www.llss.pw/wp/19359.html/bbs.reimu.net
Entering: http://www.llss.pw/wp/19359.html/bbs.reimu.net
Entering: http://www.llss.pw/wp/19359.html/bbs.reimu.net
Entering: http://www.llss.pw/wp/19359.html/bbs.reimu.net
Entering: http://www.llss.pw/wp/19359.html/bbs.reimu.net
Entering: http://www.llss.pw/wp/19359.html/bbs.reimu.net
Entering: http://www.llss.pw/wp/19359.html/bbs.reimu.net
Entering: http://www.llss.pw/wp/19359.html/bbs.reimu.net
Entering: http://www.llss.pw/wp/19359.html/bbs.reimu.net
Entering: http://www.llss.pw/wp/19359.html/bbs.reimu.net
Entering: http://www.llss.pw/wp/19359.html/bbs.reimu.net
Entering: http://www.llss.pw/wp/19359.html/bbs.reimu.net
Entering: http://www.llss.pw/wp/19359.html/bbs.reimu.net
Entering: http://www.llss.pw/wp/19359.html/bbs.reimu.net
Entering: http://www.llss.pw/wp/19359.html/bbs.reimu.net
Entering: http://www.llss.pw/wp/19359.html/bbs.reimu.net
Entering: http://www.llss.pw/wp/19359.html/bbs.reimu.net
Entering: http://www.llss.pw/wp/19359.html/bbs.reimu.net
Entering: http://www.llss.pw/wp/19359.html/bbs.reimu.net
Entering: http://www.llss.pw/wp/19359.html/bbs.reimu.net
Entering: http://www.llss.pw/wp/19359.html/bbs.reimu.net
Entering: http://www.llss.pw/wp/19359.html/bbs.reimu.net
Entering: http://www.llss.pw/wp/19359.html/bbs.reimu.net
Entering: http://www.llss.pw/wp/19359.html/bbs.reimu.net
Entering: http://www.llss.pw/wp/19359.html/bbs.reimu.net
Entering: http://www.llss.pw/wp/19359.html/bbs.reimu.net
Entering: http://www.llss.pw/wp/19359.html/bbs.reimu.net
Entering: http://www.llss.pw/wp/19359.html/bbs.reimu.net
Entering: http://www.llss.pw/wp/19359.html/bbs.reimu.net
Entering: http://www.llss.pw/wp/19359.html/bbs.reimu.net
Entering: http://www.llss.pw/wp/19359.html/bbs.reimu.net
Entering: http://www.llss.pw/wp/19359.html/bbs.reimu.net
Entering: http://www.llss.pw/wp/19359.html/bbs.reimu.net
Entering: http://www.llss.pw/wp/19359.html/bbs.reimu.net
Entering: http://www.llss.pw/wp/19359.html/bbs.reimu.net
Entering: http://www.llss.pw/wp/19359.html/bbs.reimu.net
Entering: http://www.llss.pw/wp/19359.html/bbs.reimu.net
Entering: http://www.llss.pw/wp/19359.html/bbs.reimu.net
Entering: http://www.llss.pw/wp/19359.html/bbs.reimu.net
Entering: http://www.llss.pw/wp/19359.html/bbs.reimu.net
Entering: http://www.llss.pw/wp/19359.html/bbs.reimu.net
Entering: http://www.llss.pw/wp/19359.html/bbs.reimu.net
Entering: http://www.llss.pw/wp/19359.html/bbs.reimu.net
Entering: http://www.llss.pw/wp/19359.html/bbs.reimu.net
Entering: http://www.llss.pw/wp/19359.html/bbs.reimu.net
Entering: http://www.llss.pw/wp/19359.html/bbs.reimu.net
Entering: http://www.llss.pw/wp/19359.html/bbs.reimu.net
Entering: http://www.llss.pw/wp/19359.html/bbs.reimu.net
Entering: http://www.llss.pw/wp/19359.html/bbs.reimu.net
Entering: http://www.llss.pw/wp/19359.html/bbs.reimu.net
Entering: http://www.llss.pw/wp/19359.html/bbs.reimu.net
Entering: http://www.llss.pw/wp/19359.html/bbs.reimu.net
Entering: http://www.llss.pw/wp/19359.html/bbs.reimu.net
Entering: http://www.llss.pw/wp/19359.html/bbs.reimu.net
Entering: http://www.llss.pw/wp/19359.html/bbs.reimu.net
Entering: http://www.llss.pw/wp/19359.html/bbs.reimu.net
Entering: http://www.llss.pw/wp/19359.html/bbs.reimu.net
Entering: http://www.llss.pw/wp/19359.html/bbs.reimu.net
Entering: http://www.llss.pw/wp/19359.html/bbs.reimu.net
Entering: http://www.llss.pw/wp/19359.html/bbs.reimu.net
Entering: http://www.llss.pw/wp/19359.html/bbs.reimu.net
Entering: http://www.llss.pw/wp/19359.html/bbs.reimu.net
Entering: http://www.llss.pw/wp/19359.html/bbs.reimu.net
Entering: http://www.llss.pw/wp/19359.html/bbs.reimu.net
Entering: http://www.llss.pw/wp/19359.html/bbs.reimu.net
Entering: http://www.llss.pw/wp/19359.html/bbs.reimu.net
Entering: http://www.llss.pw/wp/19359.html/bbs.reimu.net
Entering: http://www.llss.pw/wp/19359.html/bbs.reimu.net
Entering: http://www.llss.pw/wp/19359.html/bbs.reimu.net
Entering: http://www.llss.pw/wp/19359.html/bbs.reimu.net
Entering: http://www.llss.pw/wp/19359.html/bbs.reimu.net
Entering: http://www.llss.pw/wp/19359.html/bbs.reimu.net
Entering: http://www.llss.pw/wp/19359.html/bbs.reimu.net
Entering: http://www.llss.pw/wp/19359.html/bbs.reimu.net
Entering: http://www.llss.pw/wp/19359.html/bbs.reimu.net
Entering: http://www.llss.pw/wp/19359.html/bbs.reimu.net
Entering: http://www.llss.pw/wp/19359.html/bbs.reimu.net
Entering: http://www.llss.pw/wp/19359.html/bbs.reimu.net
Entering: http://www.llss.pw/wp/19359.html/bbs.reimu.net
Entering: http://www.llss.pw/wp/19359.html/bbs.reimu.net
Entering: http://www.llss.pw/wp/19359.html/bbs.reimu.net
Entering: http://www.llss.pw/wp/19359.html/bbs.reimu.net
Entering: http://www.llss.pw/wp/19359.html/bbs.reimu.net
Entering: http://www.llss.pw/wp/19359.html/bbs.reimu.net
Entering: http://www.llss.pw/wp/19359.html/bbs.reimu.net
Entering: http://www.llss.pw/wp/19359.html/bbs.reimu.net
Entering: http://www.llss.pw/wp/19359.html/bbs.reimu.net
Entering: http://www.llss.pw/wp/19359.html/bbs.reimu.net
Entering: http://www.llss.pw/wp/19359.html/bbs.reimu.net
Entering: http://www.llss.pw/wp/19359.html/bbs.reimu.net
Entering: http://www.llss.pw/wp/19359.html/bbs.reimu.net
Entering: http://www.llss.pw/wp/19359.html/bbs.reimu.net
Entering: http://www.llss.pw/wp/19359.html/bbs.reimu.net
Entering: http://www.llss.pw/wp/19359.html/bbs.reimu.net
Entering: http://www.llss.pw/wp/19359.html/bbs.reimu.net
Entering: http://www.llss.pw/wp/19359.html/bbs.reimu.net
Entering: http://www.llss.pw/wp/19359.html/bbs.reimu.net
Entering: http://www.llss.pw/wp/19359.html/bbs.reimu.net
Entering: http://www.llss.pw/wp/19359.html/bbs.reimu.net
Entering: http://www.llss.pw/wp/19359.html/bbs.reimu.net
Entering: http://www.llss.pw/wp/19359.html/bbs.reimu.net
Entering: http://www.llss.pw/wp/19359.html/bbs.reimu.net
Entering: http://www.llss.pw/wp/19359.html/bbs.reimu.net
Entering: http://www.llss.pw/wp/19359.html/bbs.reimu.net
Entering: http://www.llss.pw/wp/19359.html/bbs.reimu.net
Entering: http://www.llss.pw/wp/19359.html/bbs.reimu.net
Entering: http://www.llss.pw/wp/19359.html/bbs.reimu.net
Entering: http://www.llss.pw/wp/19359.html/bbs.reimu.net
Entering: http://www.llss.pw/wp/19359.html/bbs.reimu.net
Entering: http://www.llss.pw/wp/19359.html/bbs.reimu.net
Entering: http://www.llss.pw/wp/19359.html/bbs.reimu.net
Entering: http://www.llss.pw/wp/19359.html/bbs.reimu.net
Entering: http://www.llss.pw/wp/19359.html/bbs.reimu.net
Entering: http://www.llss.pw/wp/19359.html/bbs.reimu.net
Entering: http://www.llss.pw/wp/19359.html/bbs.reimu.net
Entering: http://www.llss.pw/wp/19359.html/bbs.reimu.net
Entering: http://www.llss.pw/wp/19359.html/bbs.reimu.net
Entering: http://www.llss.pw/wp/19359.html/bbs.reimu.net
Entering: http://www.llss.pw/wp/19359.html/bbs.reimu.net
Entering: http://www.llss.pw/wp/19359.html/bbs.reimu.net
Entering: http://www.llss.pw/wp/19359.html/bbs.reimu.net
Entering: http://www.llss.pw/wp/19359.html/bbs.reimu.net
Entering: http://www.llss.pw/wp/19359.html/bbs.reimu.net
Entering: http://www.llss.pw/wp/19359.html/bbs.reimu.net
Entering: http://www.llss.pw/wp/19359.html/bbs.reimu.net
Entering: http://www.llss.pw/wp/19359.html/bbs.reimu.net
Entering: http://www.llss.pw/wp/19359.html/bbs.reimu.net
Entering: http://www.llss.pw/wp/19359.html/bbs.reimu.net
Entering: http://www.llss.pw/wp/19359.html/bbs.reimu.net
Entering: http://www.llss.pw/wp/19359.html/bbs.reimu.net
Entering: http://www.llss.pw/wp/19359.html/bbs.reimu.net
Entering: http://www.llss.pw/wp/19359.html/bbs.reimu.net
Entering: http://www.llss.pw/wp/19359.html/bbs.reimu.net
Entering: http://www.llss.pw/wp/19359.html/bbs.reimu.net
Entering: http://www.llss.pw/wp/19359.html/bbs.reimu.net
Entering: http://www.llss.pw/wp/19359.html/bbs.reimu.net
Entering: http://www.llss.pw/wp/19359.html/bbs.reimu.net
Entering: http://www.llss.pw/wp/19359.html/bbs.reimu.net
Entering: http://www.llss.pw/wp/19359.html/bbs.reimu.net
Entering: http://www.llss.pw/wp/19359.html/bbs.reimu.net
Entering: http://www.llss.pw/wp/19359.html/bbs.reimu.net
Entering: http://www.llss.pw/wp/19359.html/bbs.reimu.net
Entering: http://www.llss.pw/wp/19359.html/bbs.reimu.net
Entering: http://www.llss.pw/wp/19359.html/bbs.reimu.net
Entering: http://www.llss.pw/wp/19359.html/bbs.reimu.net
Entering: http://www.llss.pw/wp/19359.html/bbs.reimu.net
Entering: http://www.llss.pw/wp/19359.html/bbs.reimu.net
Entering: http://www.llss.pw/wp/19359.html/bbs.reimu.net
Entering: http://www.llss.pw/wp/19359.html/bbs.reimu.net
Entering: http://www.llss.pw/wp/19359.html/bbs.reimu.net
Entering: http://www.llss.pw/wp/19359.html/bbs.reimu.net
Entering: http://www.llss.pw/wp/19359.html/bbs.reimu.net
Entering: http://www.llss.pw/wp/19359.html/bbs.reimu.net
Entering: http://www.llss.pw/wp/19359.html/bbs.reimu.net
Entering: http://www.llss.pw/wp/19359.html/bbs.reimu.net
Entering: http://www.llss.pw/wp/19359.html/bbs.reimu.net
Entering: http://www.llss.pw/wp/19359.html/bbs.reimu.net
Entering: http://www.llss.pw/wp/19359.html/bbs.reimu.net
Entering: http://www.llss.pw/wp/19359.html/bbs.reimu.net
Entering: http://www.llss.pw/wp/19359.html/bbs.reimu.net
Entering: http://www.llss.pw/wp/19359.html/bbs.reimu.net
Entering: http://www.llss.pw/wp/19359.html/bbs.reimu.net
Entering: http://www.llss.pw/wp/19359.html/bbs.reimu.net
Entering: http://www.llss.pw/wp/19359.html/bbs.reimu.net
Entering: http://www.llss.pw/wp/19359.html/bbs.reimu.net
Entering: http://www.llss.pw/wp/19359.html/bbs.reimu.net
Entering: http://www.llss.pw/wp/19359.html/bbs.reimu.net
Entering: http://www.llss.pw/wp/19359.html/bbs.reimu.net
Entering: http://www.llss.pw/wp/19359.html/bbs.reimu.net
Entering: http://www.llss.pw/wp/19359.html/bbs.reimu.net
Entering: http://www.llss.pw/wp/19359.html/bbs.reimu.net
Entering: http://www.llss.pw/wp/19359.html/bbs.reimu.net
Entering: http://www.llss.pw/wp/19359.html/bbs.reimu.net
Entering: http://www.llss.pw/wp/19359.html/bbs.reimu.net
Entering: http://www.llss.pw/wp/19359.html/bbs.reimu.net
Entering: http://www.llss.pw/wp/19359.html/bbs.reimu.net
Entering: http://www.llss.pw/wp/19359.html/bbs.reimu.net
Entering: http://www.llss.pw/wp/19359.html/bbs.reimu.net
Entering: http://www.llss.pw/wp/19359.html/bbs.reimu.net
Entering: http://www.llss.pw/wp/19359.html/bbs.reimu.net
Entering: http://www.llss.pw/wp/19359.html/bbs.reimu.net
Entering: http://www.llss.pw/wp/19359.html/bbs.reimu.net
Entering: http://www.llss.pw/wp/19359.html/bbs.reimu.net
Entering: http://www.llss.pw/wp/19359.html/bbs.reimu.net
Entering: http://www.llss.pw/wp/19359.html/bbs.reimu.net
Entering: http://www.llss.pw/wp/19359.html/bbs.reimu.net
Entering: http://www.llss.pw/wp/19359.html/bbs.reimu.net
Entering: http://www.llss.pw/wp/19359.html/bbs.reimu.net
Entering: http://www.llss.pw/wp/19359.html/bbs.reimu.net
Entering: http://www.llss.pw/wp/19359.html/bbs.reimu.net
Entering: http://www.llss.pw/wp/19359.html/bbs.reimu.net
Entering: http://www.llss.pw/wp/19359.html/bbs.reimu.net
Entering: http://www.llss.pw/wp/19359.html/bbs.reimu.net
Entering: http://www.llss.pw/wp/19359.html/bbs.reimu.net
Entering: http://www.llss.pw/wp/19359.html/bbs.reimu.net
Entering: http://www.llss.pw/wp/19359.html/bbs.reimu.net
Entering: http://www.llss.pw/wp/19359.html/bbs.reimu.net
Entering: http://www.llss.pw/wp/19359.html/bbs.reimu.net
Entering: http://www.llss.pw/wp/19359.html/bbs.reimu.net
Entering: http://www.llss.pw/wp/19359.html/bbs.reimu.net
Entering: http://www.llss.pw/wp/19359.html/bbs.reimu.net
Entering: http://www.llss.pw/wp/19359.html/bbs.reimu.net
Entering: http://www.llss.pw/wp/19359.html/bbs.reimu.net
Entering: http://www.llss.pw/wp/19359.html/bbs.reimu.net
Entering: http://www.llss.pw/wp/19359.html/bbs.reimu.net
Entering: http://www.llss.pw/wp/19359.html/bbs.reimu.net
Entering: http://www.llss.pw/wp/19359.html/bbs.reimu.net
Entering: http://www.llss.pw/wp/19359.html/bbs.reimu.net
Entering: http://www.llss.pw/wp/19359.html/bbs.reimu.net
Entering: http://www.llss.pw/wp/19359.html/bbs.reimu.net
Entering: http://www.llss.pw/wp/19359.html/bbs.reimu.net
Entering: http://www.llss.pw/wp/19359.html/bbs.reimu.net
Entering: http://www.llss.pw/wp/19359.html/bbs.reimu.net
Entering: http://www.llss.pw/wp/19359.html/bbs.reimu.net
Entering: http://www.llss.pw/wp/19359.html/bbs.reimu.net
Entering: http://www.llss.pw/wp/19359.html/bbs.reimu.net
Entering: http://www.llss.pw/wp/19359.html/bbs.reimu.net
Entering: http://www.llss.pw/wp/19359.html/bbs.reimu.net
Entering: http://www.llss.pw/wp/19359.html/bbs.reimu.net
Entering: http://www.llss.pw/wp/19359.html/bbs.reimu.net
Entering: http://www.llss.pw/wp/19359.html/bbs.reimu.net
Entering: http://www.llss.pw/wp/19359.html/bbs.reimu.net
Entering: http://www.llss.pw/wp/19359.html/bbs.reimu.net
Entering: http://www.llss.pw/wp/19359.html/bbs.reimu.net
Entering: http://www.llss.pw/wp/19359.html/bbs.reimu.net
Entering: http://www.llss.pw/wp/19359.html/bbs.reimu.net
Entering: http://www.llss.pw/wp/19359.html/bbs.reimu.net
Entering: http://www.llss.pw/wp/19359.html/bbs.reimu.net
Entering: http://www.llss.pw/wp/19359.html/bbs.reimu.net
Entering: http://www.llss.pw/wp/19359.html/bbs.reimu.net
Entering: http://www.llss.pw/wp/19359.html/bbs.reimu.net
Entering: http://www.llss.pw/wp/19359.html/bbs.reimu.net
Entering: http://www.llss.pw/wp/19359.html/bbs.reimu.net
Entering: http://www.llss.pw/wp/19359.html/bbs.reimu.net
Entering: http://www.llss.pw/wp/19359.html/bbs.reimu.net
Entering: http://www.llss.pw/wp/19359.html/bbs.reimu.net
Entering: http://www.llss.pw/wp/19359.html/bbs.reimu.net
Entering: http://www.llss.pw/wp/19359.html/bbs.reimu.net
Entering: http://www.llss.pw/wp/19359.html/bbs.reimu.net
Entering: http://www.llss.pw/wp/19359.html/bbs.reimu.net
Entering: http://www.llss.pw/wp/19359.html/bbs.reimu.net
Entering: http://www.llss.pw/wp/19359.html/bbs.reimu.net
Entering: http://www.llss.pw/wp/19359.html/bbs.reimu.net
Entering: http://www.llss.pw/wp/19359.html/bbs.reimu.net
Entering: http://www.llss.pw/wp/19359.html/bbs.reimu.net
Entering: http://www.llss.pw/wp/19359.html/bbs.reimu.net
Entering: http://www.llss.pw/wp/19359.html/bbs.reimu.net
Entering: http://www.llss.pw/wp/19359.html/bbs.reimu.net
Entering: http://www.llss.pw/wp/19359.html/bbs.reimu.net
Entering: http://www.llss.pw/wp/19359.html/bbs.reimu.net
Entering: http://www.llss.pw/wp/19359.html/bbs.reimu.net
Entering: http://www.llss.pw/wp/19359.html/bbs.reimu.net
Entering: http://www.llss.pw/wp/19359.html/bbs.reimu.net
Entering: http://www.llss.pw/wp/19359.html/bbs.reimu.net
Entering: http://www.llss.pw/wp/19359.html/bbs.reimu.net
Entering: http://www.llss.pw/wp/19359.html/bbs.reimu.net
Entering: http://www.llss.pw/wp/19359.html/bbs.reimu.net
Entering: http://www.llss.pw/wp/19359.html/bbs.reimu.net
Entering: http://www.llss.pw/wp/19359.html/bbs.reimu.net
Entering: http://www.llss.pw/wp/19359.html/bbs.reimu.net
Entering: http://www.llss.pw/wp/19359.html/bbs.reimu.net
Entering: http://www.llss.pw/wp/19359.html/bbs.reimu.net
Entering: http://www.llss.pw/wp/19359.html/bbs.reimu.net
Entering: http://www.llss.pw/wp/19359.html/bbs.reimu.net
Entering: http://www.llss.pw/wp/19359.html/bbs.reimu.net
Entering: http://www.llss.pw/wp/19359.html/bbs.reimu.net
Entering: http://www.llss.pw/wp/19359.html/bbs.reimu.net
Entering: http://www.llss.pw/wp/19359.html/bbs.reimu.net
Entering: http://www.llss.pw/wp/19359.html/bbs.reimu.net
Entering: http://www.llss.pw/wp/19359.html/bbs.reimu.net
Entering: http://www.llss.pw/wp/19359.html/bbs.reimu.net
Entering: http://www.llss.pw/wp/19359.html/bbs.reimu.net
Entering: http://www.llss.pw/wp/19359.html/bbs.reimu.net
Entering: http://www.llss.pw/wp/19359.html/bbs.reimu.net
Entering: http://www.llss.pw/wp/19359.html/bbs.reimu.net
Entering: http://www.llss.pw/wp/19359.html/bbs.reimu.net
Entering: http://www.llss.pw/wp/19359.html/bbs.reimu.net
Entering: http://www.llss.pw/wp/19359.html/bbs.reimu.net
Entering: http://www.llss.pw/wp/19359.html/bbs.reimu.net
Entering: http://www.llss.pw/wp/19359.html/bbs.reimu.net
Entering: http://www.llss.pw/wp/19359.html/bbs.reimu.net
Entering: http://www.llss.pw/wp/19359.html/bbs.reimu.net
Entering: http://www.llss.pw/wp/19359.html/bbs.reimu.net
Entering: http://www.llss.pw/wp/19359.html/bbs.reimu.net
Entering: http://www.llss.pw/wp/19359.html/bbs.reimu.net
Entering: http://www.llss.pw/wp/19359.html/bbs.reimu.net
Entering: http://www.llss.pw/wp/19359.html/bbs.reimu.net
Entering: http://www.llss.pw/wp/19359.html/bbs.reimu.net
Entering: http://www.llss.pw/wp/19359.html/bbs.reimu.net
Entering: http://www.llss.pw/wp/19359.html/bbs.reimu.net
Entering: http://www.llss.pw/wp/19359.html/bbs.reimu.net
Entering: http://www.llss.pw/wp/19359.html/bbs.reimu.net
Entering: http://www.llss.pw/wp/19359.html/bbs.reimu.net
Entering: http://www.llss.pw/wp/19359.html/bbs.reimu.net
Entering: http://www.llss.pw/wp/19359.html/bbs.reimu.net
Entering: http://www.llss.pw/wp/19359.html/bbs.reimu.net
Entering: http://www.llss.pw/wp/19359.html/bbs.reimu.net
Entering: http://www.llss.pw/wp/19359.html/bbs.reimu.net
Entering: http://www.llss.pw/wp/19359.html/bbs.reimu.net
Entering: http://www.llss.pw/wp/19359.html/bbs.reimu.net
Entering: http://www.llss.pw/wp/19359.html/bbs.reimu.net
Entering: http://www.llss.pw/wp/19359.html/bbs.reimu.net
Entering: http://www.llss.pw/wp/19359.html/bbs.reimu.net
Entering: http://www.llss.pw/wp/19359.html/bbs.reimu.net
Entering: http://www.llss.pw/wp/19359.html/bbs.reimu.net
Entering: http://www.llss.pw/wp/19359.html/bbs.reimu.net
Entering: http://www.llss.pw/wp/19359.html/bbs.reimu.net
Entering: http://www.llss.pw/wp/19359.html/bbs.reimu.net
Entering: http://www.llss.pw/wp/19359.html/bbs.reimu.net
Entering: http://www.llss.pw/wp/19359.html/bbs.reimu.net
Entering: http://www.llss.pw/wp/19359.html/bbs.reimu.net
Entering: http://www.llss.pw/wp/19359.html/bbs.reimu.net
Entering: http://www.llss.pw/wp/19359.html/bbs.reimu.net
Entering: http://www.llss.pw/wp/19359.html/bbs.reimu.net
Entering: http://www.llss.pw/wp/19359.html/bbs.reimu.net
Entering: http://www.llss.pw/wp/19359.html/bbs.reimu.net
Entering: http://www.llss.pw/wp/19359.html/bbs.reimu.net
Entering: http://www.llss.pw/wp/19359.html/bbs.reimu.net
Entering: http://www.llss.pw/wp/19359.html/bbs.reimu.net
Entering: http://www.llss.pw/wp/19359.html/bbs.reimu.net
Entering: http://www.llss.pw/wp/19359.html/bbs.reimu.net
Entering: http://www.llss.pw/wp/19359.html/bbs.reimu.net
Entering: http://www.llss.pw/wp/19359.html/bbs.reimu.net
Entering: http://www.llss.pw/wp/19359.html/bbs.reimu.net
Entering: http://www.llss.pw/wp/19359.html/bbs.reimu.net
Entering: http://www.llss.pw/wp/19359.html/bbs.reimu.net
Entering: http://www.llss.pw/wp/19359.html/bbs.reimu.net
Entering: http://www.llss.pw/wp/19359.html/bbs.reimu.net
Entering: http://www.llss.pw/wp/19359.html/bbs.reimu.net
Entering: http://www.llss.pw/wp/19359.html/bbs.reimu.net
Entering: http://www.llss.pw/wp/19359.html/bbs.reimu.net
Entering: http://www.llss.pw/wp/19359.html/bbs.reimu.net
Entering: http://www.llss.pw/wp/19359.html/bbs.reimu.net
Entering: http://www.llss.pw/wp/19359.html/bbs.reimu.net
Entering: http://www.llss.pw/wp/19359.html/bbs.reimu.net
Entering: http://www.llss.pw/wp/19359.html/bbs.reimu.net
Entering: http://www.llss.pw/wp/19359.html/bbs.reimu.net
Entering: http://www.llss.pw/wp/19359.html/bbs.reimu.net
Entering: http://www.llss.pw/wp/19359.html/bbs.reimu.net
Entering: http://www.llss.pw/wp/19359.html/bbs.reimu.net
Entering: http://www.llss.pw/wp/19359.html/bbs.reimu.net
Entering: http://www.llss.pw/wp/19359.html/bbs.reimu.net
Entering: http://www.llss.pw/wp/19359.html/bbs.reimu.net
Entering: http://www.llss.pw/wp/19359.html/bbs.reimu.net
Entering: http://www.llss.pw/wp/19359.html/bbs.reimu.net
Entering: http://www.llss.pw/wp/19359.html/bbs.reimu.net
Entering: http://www.llss.pw/wp/19359.html/bbs.reimu.net
Entering: http://www.llss.pw/wp/19359.html/bbs.reimu.net
Entering: http://www.llss.pw/wp/19359.html/bbs.reimu.net
Entering: http://www.llss.pw/wp/19359.html/bbs.reimu.net
Entering: http://www.llss.pw/wp/19359.html/bbs.reimu.net
Entering: http://www.llss.pw/wp/19359.html/bbs.reimu.net
Entering: http://www.llss.pw/wp/19359.html/bbs.reimu.net
Entering: http://www.llss.pw/wp/19359.html/bbs.reimu.net
Entering: http://www.llss.pw/wp/19359.html/bbs.reimu.net
Entering: http://www.llss.pw/wp/19359.html/bbs.reimu.net
Entering: http://www.llss.pw/wp/19359.html/bbs.reimu.net
Entering: http://www.llss.pw/wp/19359.html/bbs.reimu.net
Entering: http://www.llss.pw/wp/19359.html/bbs.reimu.net
Entering: http://www.llss.pw/wp/19359.html/bbs.reimu.net
Entering: http://www.llss.pw/wp/19359.html/bbs.reimu.net
Entering: http://www.llss.pw/wp/19359.html/bbs.reimu.net
Entering: http://www.llss.pw/wp/19359.html/bbs.reimu.net
Entering: http://www.llss.pw/wp/19359.html/bbs.reimu.net
Entering: http://www.llss.pw/wp/19359.html/bbs.reimu.net
Entering: http://www.llss.pw/wp/19359.html/bbs.reimu.net
Entering: http://www.llss.pw/wp/19359.html/bbs.reimu.net
Entering: http://www.llss.pw/wp/19359.html/bbs.reimu.net
Entering: http://www.llss.pw/wp/19359.html/bbs.reimu.net
Entering: http://www.llss.pw/wp/19359.html/bbs.reimu.net
Entering: http://www.llss.pw/wp/19359.html/bbs.reimu.net
Entering: http://www.llss.pw/wp/19359.html/bbs.reimu.net
Entering: http://www.llss.pw/wp/19359.html/bbs.reimu.net
Entering: http://www.llss.pw/wp/19359.html/bbs.reimu.net
Entering: http://www.llss.pw/wp/19359.html/bbs.reimu.net
Entering: http://www.llss.pw/wp/19359.html/bbs.reimu.net
Entering: http://www.llss.pw/wp/19359.html/bbs.reimu.net
Entering: http://www.llss.pw/wp/19359.html/bbs.reimu.net
Entering: http://www.llss.pw/wp/19359.html/bbs.reimu.net
Entering: http://www.llss.pw/wp/19359.html/bbs.reimu.net
Entering: http://www.llss.pw/wp/19359.html/bbs.reimu.net
Entering: http://www.llss.pw/wp/19359.html/bbs.reimu.net
Entering: http://www.llss.pw/wp/19359.html/bbs.reimu.net
Entering: http://www.llss.pw/wp/19359.html/bbs.reimu.net
Entering: http://www.llss.pw/wp/19359.html/bbs.reimu.net
Entering: http://www.llss.pw/wp/19359.html/bbs.reimu.net
Entering: http://www.llss.pw/wp/19359.html/bbs.reimu.net
Entering: http://www.llss.pw/wp/19359.html/bbs.reimu.net
Entering: http://www.llss.pw/wp/19359.html/bbs.reimu.net
Entering: http://www.llss.pw/wp/19359.html/bbs.reimu.net
Entering: http://www.llss.pw/wp/19359.html/bbs.reimu.net
Entering: http://www.llss.pw/wp/19359.html/bbs.reimu.net
Entering: http://www.llss.pw/wp/19359.html/bbs.reimu.net
Entering: http://www.llss.pw/wp/19359.html/bbs.reimu.net
Entering: http://www.llss.pw/wp/19359.html/bbs.reimu.net
Entering: http://www.llss.pw/wp/19359.html/bbs.reimu.net
Entering: http://www.llss.pw/wp/19359.html/bbs.reimu.net
Entering: http://www.llss.pw/wp/19359.html/bbs.reimu.net
Entering: http://www.llss.pw/wp/19359.html/bbs.reimu.net
Entering: http://www.llss.pw/wp/19359.html/bbs.reimu.net
Entering: http://www.llss.pw/wp/19359.html/bbs.reimu.net
Entering: http://www.llss.pw/wp/19359.html/bbs.reimu.net
Entering: http://www.llss.pw/wp/19359.html/bbs.reimu.net
Entering: http://www.llss.pw/wp/19359.html/bbs.reimu.net
Entering: http://www.llss.pw/wp/19359.html/bbs.reimu.net
Entering: http://www.llss.pw/wp/19359.html/bbs.reimu.net
Entering: http://www.llss.pw/wp/19359.html/bbs.reimu.net
Entering: http://www.llss.pw/wp/19359.html/bbs.reimu.net
Entering: http://www.llss.pw/wp/19359.html/bbs.reimu.net
Entering: http://www.llss.pw/wp/19359.html/bbs.reimu.net
Entering: http://www.llss.pw/wp/19359.html/bbs.reimu.net
Entering: http://www.llss.pw/wp/19359.html/bbs.reimu.net
Entering: http://www.llss.pw/wp/19359.html/bbs.reimu.net
Entering: http://www.llss.pw/wp/19359.html/bbs.reimu.net
Entering: http://www.llss.pw/wp/19359.html/bbs.reimu.net
Entering: http://www.llss.pw/wp/19359.html/bbs.reimu.net
Entering: http://www.llss.pw/wp/19359.html/bbs.reimu.net
Entering: http://www.llss.pw/wp/19359.html/bbs.reimu.net
Entering: http://www.llss.pw/wp/19359.html/bbs.reimu.net
Entering: http://www.llss.pw/wp/19359.html/bbs.reimu.net
Entering: http://www.llss.pw/wp/19359.html/bbs.reimu.net
Entering: http://www.llss.pw/wp/19359.html/bbs.reimu.net
Entering: http://www.llss.pw/wp/19359.html/bbs.reimu.net
Entering: http://www.llss.pw/wp/19359.html/bbs.reimu.net
Entering: http://www.llss.pw/wp/19359.html/bbs.reimu.net
Entering: http://www.llss.pw/wp/19359.html/bbs.reimu.net
Entering: http://www.llss.pw/wp/19359.html/bbs.reimu.net
Entering: http://www.llss.pw/wp/19359.html/bbs.reimu.net
Entering: http://www.llss.pw/wp/19359.html/bbs.reimu.net
Entering: http://www.llss.pw/wp/19359.html/bbs.reimu.net
Entering: http://www.llss.pw/wp/19359.html/bbs.reimu.net
Entering: http://www.llss.pw/wp/19359.html/bbs.reimu.net
Entering: http://www.llss.pw/wp/19359.html/bbs.reimu.net
Entering: http://www.llss.pw/wp/19359.html/bbs.reimu.net
Entering: http://www.llss.pw/wp/19359.html/bbs.reimu.net
Entering: http://www.llss.pw/wp/19359.html/bbs.reimu.net
Entering: http://www.llss.pw/wp/19359.html/bbs.reimu.net
Entering: http://www.llss.pw/wp/19359.html/bbs.reimu.net
Entering: http://www.llss.pw/wp/19359.html/bbs.reimu.net
Entering: http://www.llss.pw/wp/19359.html/bbs.reimu.net
Entering: http://www.llss.pw/wp/19359.html/bbs.reimu.net
Entering: http://www.llss.pw/wp/19359.html/bbs.reimu.net
Entering: http://www.llss.pw/wp/19359.html/bbs.reimu.net
Entering: http://www.llss.pw/wp/19359.html/bbs.reimu.net
Entering: http://www.llss.pw/wp/19359.html/bbs.reimu.net
Entering: http://www.llss.pw/wp/19359.html/bbs.reimu.net
Entering: http://www.llss.pw/wp/19359.html/bbs.reimu.net
Entering: http://www.llss.pw/wp/19359.html/bbs.reimu.net
Entering: http://www.llss.pw/wp/19359.html/bbs.reimu.net
Entering: http://www.llss.pw/wp/19359.html/bbs.reimu.net
Entering: http://www.llss.pw/wp/19359.html/bbs.reimu.net
Entering: http://www.llss.pw/wp/19359.html/bbs.reimu.net
Entering: http://www.llss.pw/wp/19359.html/bbs.reimu.net
Entering: http://www.llss.pw/wp/19359.html/bbs.reimu.net
Entering: http://www.llss.pw/wp/19359.html/bbs.reimu.net
Entering: http://www.llss.pw/wp/19359.html/bbs.reimu.net
Entering: http://www.llss.pw/wp/19359.html/bbs.reimu.net
Entering: http://www.llss.pw/wp/19359.html/bbs.reimu.net
Entering: http://www.llss.pw/wp/19359.html/bbs.reimu.net
Entering: http://www.llss.pw/wp/19359.html/bbs.reimu.net
Entering: http://www.llss.pw/wp/19359.html/bbs.reimu.net
Entering: http://www.llss.pw/wp/19359.html/bbs.reimu.net
Entering: http://www.llss.pw/wp/19359.html/bbs.reimu.net
Entering: http://www.llss.pw/wp/19359.html/bbs.reimu.net
Entering: http://www.llss.pw/wp/19359.html/bbs.reimu.net
Entering: http://www.llss.pw/wp/19359.html/bbs.reimu.net
Entering: http://www.llss.pw/wp/19359.html/bbs.reimu.net
Entering: http://www.llss.pw/wp/19359.html/bbs.reimu.net
Entering: http://www.llss.pw/wp/19359.html/bbs.reimu.net
Entering: http://www.llss.pw/wp/19359.html/bbs.reimu.net
Entering: http://www.llss.pw/wp/19359.html/bbs.reimu.net
Entering: http://www.llss.pw/wp/19359.html/bbs.reimu.net
Entering: http://www.llss.pw/wp/19359.html/bbs.reimu.net
Entering: http://www.llss.pw/wp/19359.html/bbs.reimu.net
Entering: http://www.llss.pw/wp/19359.html/bbs.reimu.net
Entering: http://www.llss.pw/wp/19359.html/bbs.reimu.net
Entering: http://www.llss.pw/wp/19359.html/bbs.reimu.net
Entering: http://www.llss.pw/wp/19359.html/bbs.reimu.net
Entering: http://www.llss.pw/wp/19359.html/bbs.reimu.net
Entering: http://www.llss.pw/wp/19359.html/bbs.reimu.net
Entering: http://www.llss.pw/wp/19359.html/bbs.reimu.net
Entering: http://www.llss.pw/wp/19359.html/bbs.reimu.net
Entering: http://www.llss.pw/wp/19359.html/bbs.reimu.net
Entering: http://www.llss.pw/wp/19359.html/bbs.reimu.net
Entering: http://www.llss.pw/wp/19359.html/bbs.reimu.net
Entering: http://www.llss.pw/wp/19359.html/bbs.reimu.net
Entering: http://www.llss.pw/wp/19359.html/bbs.reimu.net
Entering: http://www.llss.pw/wp/19359.html/bbs.reimu.net
Entering: http://www.llss.pw/wp/19359.html/bbs.reimu.net
Entering: http://www.llss.pw/wp/19359.html/bbs.reimu.net
Entering: http://www.llss.pw/wp/19359.html/bbs.reimu.net
Entering: http://www.llss.pw/wp/19359.html/bbs.reimu.net
Entering: http://www.llss.pw/wp/19359.html/bbs.reimu.net
Entering: http://www.llss.pw/wp/19359.html/bbs.reimu.net
Entering: http://www.llss.pw/wp/19359.html/bbs.reimu.net
Entering: http://www.llss.pw/wp/19359.html/bbs.reimu.net
Entering: http://www.llss.pw/wp/19359.html/bbs.reimu.net
Entering: http://www.llss.pw/wp/19359.html/bbs.reimu.net
Entering: http://www.llss.pw/wp/19359.html/bbs.reimu.net
Entering: http://www.llss.pw/wp/19359.html/bbs.reimu.net
Entering: http://www.llss.pw/wp/19359.html/bbs.reimu.net
Entering: http://www.llss.pw/wp/19359.html/bbs.reimu.net
Entering: http://www.llss.pw/wp/19359.html/bbs.reimu.net
Entering: http://www.llss.pw/wp/19359.html/bbs.reimu.net
Entering: http://www.llss.pw/wp/19359.html/bbs.reimu.net
Entering: http://www.llss.pw/wp/19359.html/bbs.reimu.net
Entering: http://www.llss.pw/wp/19359.html/bbs.reimu.net
Entering: http://www.llss.pw/wp/19359.html/bbs.reimu.net
Entering: http://www.llss.pw/wp/19359.html/bbs.reimu.net
Entering: http://www.llss.pw/wp/19359.html/bbs.reimu.net
Entering: http://www.llss.pw/wp/19359.html/bbs.reimu.net
Entering: http://www.llss.pw/wp/19359.html/bbs.reimu.net
Entering: http://www.llss.pw/wp/19359.html/bbs.reimu.net
Entering: http://www.llss.pw/wp/19359.html/bbs.reimu.net
Entering: http://www.llss.pw/wp/19359.html/bbs.reimu.net
Entering: http://www.llss.pw/wp/19359.html/bbs.reimu.net
Entering: http://www.llss.pw/wp/19359.html/bbs.reimu.net
Entering: http://www.llss.pw/wp/19359.html/bbs.reimu.net
Entering: http://www.llss.pw/wp/19359.html/bbs.reimu.net
Entering: http://www.llss.pw/wp/19359.html/bbs.reimu.net
Entering: http://www.llss.pw/wp/19359.html/bbs.reimu.net
Entering: http://www.llss.pw/wp/19359.html/bbs.reimu.net
Entering: http://www.llss.pw/wp/19359.html/bbs.reimu.net
Entering: http://www.llss.pw/wp/19359.html/bbs.reimu.net
Entering: http://www.llss.pw/wp/19359.html/bbs.reimu.net
Entering: http://www.llss.pw/wp/19359.html/bbs.reimu.net
