Traceback (most recent call last):
  File "magnet_crawler.py", line 113, in <module>
    main()
  File "magnet_crawler.py", line 110, in main
    scan_page(root_url)
  File "magnet_crawler.py", line 43, in scan_page
    scan_page(sub_url, depth+1)
  File "magnet_crawler.py", line 43, in scan_page
    scan_page(sub_url, depth+1)
  File "magnet_crawler.py", line 43, in scan_page
    scan_page(sub_url, depth+1)
  File "magnet_crawler.py", line 43, in scan_page
    scan_page(sub_url, depth+1)
  File "magnet_crawler.py", line 43, in scan_page
    scan_page(sub_url, depth+1)
  File "magnet_crawler.py", line 43, in scan_page
    scan_page(sub_url, depth+1)
  File "magnet_crawler.py", line 43, in scan_page
    scan_page(sub_url, depth+1)
  File "magnet_crawler.py", line 43, in scan_page
    scan_page(sub_url, depth+1)
  File "magnet_crawler.py", line 43, in scan_page
    scan_page(sub_url, depth+1)
  File "magnet_crawler.py", line 43, in scan_page
    scan_page(sub_url, depth+1)
  File "magnet_crawler.py", line 43, in scan_page
    scan_page(sub_url, depth+1)
  File "magnet_crawler.py", line 43, in scan_page
    scan_page(sub_url, depth+1)
  File "magnet_crawler.py", line 43, in scan_page
    scan_page(sub_url, depth+1)
  File "magnet_crawler.py", line 43, in scan_page
    scan_page(sub_url, depth+1)
  File "magnet_crawler.py", line 43, in scan_page
    scan_page(sub_url, depth+1)
  File "magnet_crawler.py", line 43, in scan_page
    scan_page(sub_url, depth+1)
  File "magnet_crawler.py", line 43, in scan_page
    scan_page(sub_url, depth+1)
  File "magnet_crawler.py", line 43, in scan_page
    scan_page(sub_url, depth+1)
  File "magnet_crawler.py", line 43, in scan_page
    scan_page(sub_url, depth+1)
  File "magnet_crawler.py", line 43, in scan_page
    scan_page(sub_url, depth+1)
  File "magnet_crawler.py", line 24, in scan_page
    result = session.get(url)
  File "/Library/Python/2.7/site-packages/requests/sessions.py", line 480, in get
    return self.request('GET', url, **kwargs)
  File "/Library/Python/2.7/site-packages/requests/sessions.py", line 468, in request
    resp = self.send(prep, **send_kwargs)
  File "/Library/Python/2.7/site-packages/requests/sessions.py", line 608, in send
    r.content
  File "/Library/Python/2.7/site-packages/requests/models.py", line 737, in content
    self._content = bytes().join(self.iter_content(CONTENT_CHUNK_SIZE)) or bytes()
  File "/Library/Python/2.7/site-packages/requests/models.py", line 660, in generate
    for chunk in self.raw.stream(chunk_size, decode_content=True):
  File "/Library/Python/2.7/site-packages/requests/packages/urllib3/response.py", line 340, in stream
    for line in self.read_chunked(amt, decode_content=decode_content):
  File "/Library/Python/2.7/site-packages/requests/packages/urllib3/response.py", line 489, in read_chunked
    chunk = self._handle_chunk(amt)
  File "/Library/Python/2.7/site-packages/requests/packages/urllib3/response.py", line 458, in _handle_chunk
    returned_chunk = self._fp._safe_read(self.chunk_left)
  File "/System/Library/Frameworks/Python.framework/Versions/2.7/lib/python2.7/httplib.py", line 703, in _safe_read
    chunk = self.fp.read(min(amt, MAXAMOUNT))
  File "/System/Library/Frameworks/Python.framework/Versions/2.7/lib/python2.7/socket.py", line 384, in read
    data = self._sock.recv(left)
KeyboardInterrupt
